[0117/225410.136:ERROR:process_memory_win.cc(73)] ReadMemory at 0x7ffc0e05f000 of 16 bytes failed: Somente uma parte de um pedido ReadProcessMemory ou WriteProcessMemory foi concluída. (0x12B)
[0117/225410.148:WARNING:pe_image_resource_reader.cc(241)] could not read resource directory from C:\WINDOWS\SYSTEM32\ntdll.dll resources
[0117/225410.148:ERROR:process_memory_win.cc(73)] ReadMemory at 0x7ffc0d0e0000 of 64 bytes failed: Somente uma parte de um pedido ReadProcessMemory ou WriteProcessMemory foi concluída. (0x12B)
[0117/225410.148:WARNING:pe_image_reader.cc(340)] could not read dos header from C:\WINDOWS\System32\KERNEL32.DLL
[0117/225410.148:ERROR:process_memory_win.cc(73)] ReadMemory at 0x7ffc0af50000 of 64 bytes failed: Somente uma parte de um pedido ReadProcessMemory ou WriteProcessMemory foi concluída. (0x12B)
[0117/225410.148:WARNING:pe_image_reader.cc(340)] could not read dos header from C:\WINDOWS\System32\KERNELBASE.dll
[0117/225410.148:ERROR:process_memory_win.cc(73)] ReadMemory at 0x7ffbd4690000 of 64 bytes failed: Somente uma parte de um pedido ReadProcessMemory ou WriteProcessMemory foi concluída. (0x12B)
[0117/225410.148:WARNING:pe_image_reader.cc(340)] could not read dos header from C:\Program Files (x86)\Google\Chrome\Application\79.0.3945.117\chrome_elf.dll
[0117/225410.148:ERROR:process_memory_win.cc(73)] ReadMemory at 0x7ffc061f0000 of 64 bytes failed: Somente uma parte de um pedido ReadProcessMemory ou WriteProcessMemory foi concluída. (0x12B)
[0117/225410.148:WARNING:pe_image_reader.cc(340)] could not read dos header from C:\WINDOWS\SYSTEM32\VERSION.dll
[0117/225410.148:ERROR:process_memory_win.cc(73)] ReadMemory at 0x7ffc0d290000 of 64 bytes failed: Somente uma parte de um pedido ReadProcessMemory ou WriteProcessMemory foi concluída. (0x12B)
[0117/225410.148:WARNING:pe_image_reader.cc(340)] could not read dos header from C:\WINDOWS\System32\msvcrt.dll
[0117/225410.148:ERROR:process_memory_win.cc(73)] ReadMemory at 0x7ffc0be90000 of 64 bytes failed: Somente uma parte de um pedido ReadProcessMemory ou WriteProcessMemory foi concluída. (0x12B)
[0117/225410.149:WARNING:pe_image_reader.cc(340)] could not read dos header from C:\WINDOWS\System32\bcryptPrimitives.dll
[0117/225410.149:ERROR:process_memory_win.cc(73)] ReadMemory at 0x7ffc0dbf0000 of 64 bytes failed: Somente uma parte de um pedido ReadProcessMemory ou WriteProcessMemory foi concluída. (0x12B)
[0117/225410.149:WARNING:pe_image_reader.cc(340)] could not read dos header from C:\WINDOWS\System32\ADVAPI32.dll
[0117/225410.149:ERROR:process_memory_win.cc(73)] ReadMemory at 0x7ffc0dd00000 of 64 bytes failed: Somente uma parte de um pedido ReadProcessMemory ou WriteProcessMemory foi concluída. (0x12B)
[0117/225410.149:WARNING:pe_image_reader.cc(340)] could not read dos header from C:\WINDOWS\System32\sechost.dll
[0117/225410.149:ERROR:process_memory_win.cc(73)] ReadMemory at 0x7ffc0d350000 of 64 bytes failed: Somente uma parte de um pedido ReadProcessMemory ou WriteProcessMemory foi concluída. (0x12B)
[0117/225410.149:WARNING:pe_image_reader.cc(340)] could not read dos header from C:\WINDOWS\System32\RPCRT4.dll
[0117/225410.149:ERROR:process_memory_win.cc(73)] ReadMemory at 0x7ffba9990000 of 64 bytes failed: Somente uma parte de um pedido ReadProcessMemory ou WriteProcessMemory foi concluída. (0x12B)
[0117/225410.149:WARNING:pe_image_reader.cc(340)] could not read dos header from C:\Program Files (x86)\Google\Chrome\Application\79.0.3945.117\chrome_child.dll
[0117/225410.149:ERROR:process_memory_win.cc(73)] ReadMemory at 0x7ffc0dda0000 of 64 bytes failed: Somente uma parte de um pedido ReadProcessMemory ou WriteProcessMemory foi concluída. (0x12B)
[0117/225410.149:WARNING:pe_image_reader.cc(340)] could not read dos header from C:\WINDOWS\System32\OLEAUT32.dll
[0117/225410.149:ERROR:process_memory_win.cc(73)] ReadMemory at 0x7ffc0b320000 of 64 bytes failed: Somente uma parte de um pedido ReadProcessMemory ou WriteProcessMemory foi concluída. (0x12B)
[0117/225410.149:WARNING:pe_image_reader.cc(340)] could not read dos header from C:\WINDOWS\System32\msvcp_win.dll
[0117/225410.149:ERROR:process_memory_win.cc(73)] ReadMemory at 0x7ffc0b220000 of 64 bytes failed: Somente uma parte de um pedido ReadProcessMemory ou WriteProcessMemory foi concluída. (0x12B)
[0117/225410.149:WARNING:pe_image_reader.cc(340)] could not read dos header from C:\WINDOWS\System32\ucrtbase.dll
[0117/225410.149:ERROR:process_memory_win.cc(73)] ReadMemory at 0x7ffc0d8b0000 of 64 bytes failed: Somente uma parte de um pedido ReadProcessMemory ou WriteProcessMemory foi concluída. (0x12B)
[0117/225410.149:WARNING:pe_image_reader.cc(340)] could not read dos header from C:\WINDOWS\System32\combase.dll
[0117/225410.149:ERROR:process_memory_win.cc(73)] ReadMemory at 0x7ffc0caa0000 of 64 bytes failed: Somente uma parte de um pedido ReadProcessMemory ou WriteProcessMemory foi concluída. (0x12B)
[0117/225410.149:WARNING:pe_image_reader.cc(340)] could not read dos header from C:\WINDOWS\System32\WS2_32.dll
[0117/225410.149:ERROR:process_memory_win.cc(73)] ReadMemory at 0x7ffc0b6b0000 of 64 bytes failed: Somente uma parte de um pedido ReadProcessMemory ou WriteProcessMemory foi concluída. (0x12B)
[0117/225410.149:WARNING:pe_image_reader.cc(340)] could not read dos header from C:\WINDOWS\System32\WINTRUST.dll
[0117/225410.149:ERROR:process_memory_win.cc(73)] ReadMemory at 0x7ffc0adc0000 of 64 bytes failed: Somente uma parte de um pedido ReadProcessMemory ou WriteProcessMemory foi concluída. (0x12B)
[0117/225410.149:WARNING:pe_image_reader.cc(340)] could not read dos header from C:\WINDOWS\System32\MSASN1.dll
[0117/225410.149:ERROR:process_memory_win.cc(73)] ReadMemory at 0x7ffc0b560000 of 64 bytes failed: Somente uma parte de um pedido ReadProcessMemory ou WriteProcessMemory foi concluída. (0x12B)
[0117/225410.149:WARNING:pe_image_reader.cc(340)] could not read dos header from C:\WINDOWS\System32\CRYPT32.dll
[0117/225410.149:ERROR:process_memory_win.cc(73)] ReadMemory at 0x7ffc0a2d0000 of 64 bytes failed: Somente uma parte de um pedido ReadProcessMemory ou WriteProcessMemory foi concluída. (0x12B)
[0117/225410.149:WARNING:pe_image_reader.cc(340)] could not read dos header from C:\WINDOWS\SYSTEM32\IPHLPAPI.DLL
[0117/225410.149:ERROR:process_memory_win.cc(73)] ReadMemory at 0x7ffc02720000 of 64 bytes failed: Somente uma parte de um pedido ReadProcessMemory ou WriteProcessMemory foi concluída. (0x12B)
[0117/225410.149:WARNING:pe_image_reader.cc(340)] could not read dos header from C:\WINDOWS\SYSTEM32\WINMM.dll
[0117/225410.149:ERROR:process_memory_win.cc(73)] ReadMemory at 0x7ffc0aca0000 of 64 bytes failed: Somente uma parte de um pedido ReadProcessMemory ou WriteProcessMemory foi concluída. (0x12B)
[0117/225410.149:WARNING:pe_image_reader.cc(340)] could not read dos header from C:\WINDOWS\SYSTEM32\USERENV.dll
[0117/225410.149:ERROR:process_memory_win.cc(73)] ReadMemory at 0x7ffc0ae50000 of 64 bytes failed: Somente uma parte de um pedido ReadProcessMemory ou WriteProcessMemory foi concluída. (0x12B)
[0117/225410.149:WARNING:pe_image_reader.cc(340)] could not read dos header from C:\WINDOWS\System32\profapi.dll
[0117/225410.149:ERROR:process_memory_win.cc(73)] ReadMemory at 0x7ffbebf70000 of 64 bytes failed: Somente uma parte de um pedido ReadProcessMemory ou WriteProcessMemory foi concluída. (0x12B)
[0117/225410.149:WARNING:pe_image_reader.cc(340)] could not read dos header from C:\WINDOWS\SYSTEM32\DWrite.dll
[0117/225410.149:ERROR:process_memory_win.cc(73)] ReadMemory at 0x7ffc02aa0000 of 64 bytes failed: Somente uma parte de um pedido ReadProcessMemory ou WriteProcessMemory foi concluída. (0x12B)
[0117/225410.149:WARNING:pe_image_reader.cc(340)] could not read dos header from C:\WINDOWS\SYSTEM32\WINSPOOL.DRV
[0117/225410.149:ERROR:process_memory_win.cc(73)] ReadMemory at 0x7ffc0ae30000 of 64 bytes failed: Somente uma parte de um pedido ReadProcessMemory ou WriteProcessMemory foi concluída. (0x12B)
[0117/225410.149:WARNING:pe_image_reader.cc(340)] could not read dos header from C:\WINDOWS\System32\kernel.appcore.dll
[0117/225410.149:ERROR:process_memory_win.cc(73)] ReadMemory at 0x7ffc0bf60000 of 64 bytes failed: Somente uma parte de um pedido ReadProcessMemory ou WriteProcessMemory foi concluída. (0x12B)
[0117/225410.149:WARNING:pe_image_reader.cc(340)] could not read dos header from C:\WINDOWS\System32\bcrypt.dll
[0117/225410.149:ERROR:process_memory_win.cc(73)] ReadMemory at 0x7ffc09ad0000 of 64 bytes failed: Somente uma parte de um pedido ReadProcessMemory ou WriteProcessMemory foi concluída. (0x12B)
[0117/225410.150:WARNING:pe_image_reader.cc(340)] could not read dos header from C:\WINDOWS\SYSTEM32\dbghelp.dll
[0117/225410.150:ERROR:process_memory_win.cc(73)] ReadMemory at 0x7ffbfd8a0000 of 64 bytes failed: Somente uma parte de um pedido ReadProcessMemory ou WriteProcessMemory foi concluída. (0x12B)
[0117/225410.150:WARNING:pe_image_reader.cc(340)] could not read dos header from C:\WINDOWS\SYSTEM32\Secur32.dll
[0117/225410.150:ERROR:process_memory_win.cc(73)] ReadMemory at 0x7ffc023f0000 of 64 bytes failed: Somente uma parte de um pedido ReadProcessMemory ou WriteProcessMemory foi concluída. (0x12B)
[0117/225410.150:WARNING:pe_image_reader.cc(340)] could not read dos header from C:\WINDOWS\SYSTEM32\WINHTTP.dll
[0117/225410.150:ERROR:process_memory_win.cc(73)] ReadMemory at 0x7ffc05630000 of 64 bytes failed: Somente uma parte de um pedido ReadProcessMemory ou WriteProcessMemory foi concluída. (0x12B)
[0117/225410.150:WARNING:pe_image_reader.cc(340)] could not read dos header from C:\WINDOWS\SYSTEM32\dhcpcsvc.DLL
[0117/225410.150:ERROR:process_memory_win.cc(73)] ReadMemory at 0x7ffc0c010000 of 64 bytes failed: Somente uma parte de um pedido ReadProcessMemory ou WriteProcessMemory foi concluída. (0x12B)
[0117/225410.150:WARNING:pe_image_reader.cc(340)] could not read dos header from C:\WINDOWS\System32\NSI.dll
[0117/225410.150:ERROR:process_memory_win.cc(73)] ReadMemory at 0x7ffc024e0000 of 64 bytes failed: Somente uma parte de um pedido ReadProcessMemory ou WriteProcessMemory foi concluída. (0x12B)
[0117/225410.150:WARNING:pe_image_reader.cc(340)] could not read dos header from C:\WINDOWS\SYSTEM32\WINMMBASE.dll
[0117/225410.150:ERROR:process_memory_win.cc(73)] ReadMemory at 0x7ffc0bf10000 of 64 bytes failed: Somente uma parte de um pedido ReadProcessMemory ou WriteProcessMemory foi concluída. (0x12B)
[0117/225410.150:WARNING:pe_image_reader.cc(340)] could not read dos header from C:\WINDOWS\System32\cfgmgr32.dll
[0117/225410.150:ERROR:process_memory_win.cc(73)] ReadMemory at 0x7ffc07020000 of 64 bytes failed: Somente uma parte de um pedido ReadProcessMemory ou WriteProcessMemory foi concluída. (0x12B)
[0117/225410.150:WARNING:pe_image_reader.cc(340)] could not read dos header from C:\WINDOWS\SYSTEM32\PROPSYS.dll
[0117/225410.150:ERROR:process_memory_win.cc(73)] ReadMemory at 0x7ffc0c020000 of 64 bytes failed: Somente uma parte de um pedido ReadProcessMemory ou WriteProcessMemory foi concluída. (0x12B)
[0117/225410.150:WARNING:pe_image_reader.cc(340)] could not read dos header from C:\WINDOWS\System32\shcore.dll
[0117/225410.150:ERROR:process_memory_win.cc(73)] ReadMemory at 0x7ffc0acd0000 of 64 bytes failed: Somente uma parte de um pedido ReadProcessMemory ou WriteProcessMemory foi concluída. (0x12B)
[0117/225410.150:WARNING:pe_image_reader.cc(340)] could not read dos header from C:\WINDOWS\SYSTEM32\SSPICLI.DLL
[0117/225410.150:ERROR:process_memory_win.cc(73)] ReadMemory at 0x7ffc0a790000 of 64 bytes failed: Somente uma parte de um pedido ReadProcessMemory ou WriteProcessMemory foi concluída. (0x12B)
[0117/225410.150:WARNING:pe_image_reader.cc(340)] could not read dos header from C:\WINDOWS\SYSTEM32\CRYPTBASE.DLL
[0117/225410.150:ERROR:process_memory_win.cc(73)] ReadMemory at 0x7ff6f06b0000 of 64 bytes failed: Somente uma parte de um pedido ReadProcessMemory ou WriteProcessMemory foi concluída. (0x12B)
[0117/225410.150:WARNING:pe_image_reader.cc(340)] could not read dos header from C:\Program Files (x86)\Google\Chrome\Application\chrome.exe
[0117/225410.150:ERROR:process_memory_win.cc(73)] ReadMemory at 0x7ff6f06b0000 of 64 bytes failed: Somente uma parte de um pedido ReadProcessMemory ou WriteProcessMemory foi concluída. (0x12B)
[0117/225410.150:WARNING:pe_image_reader.cc(340)] could not read dos header from C:\Program Files (x86)\Google\Chrome\Application\chrome.exe
[0117/225410.150:ERROR:process_memory_win.cc(73)] ReadMemory at 0x7ffc0dee0000 of 64 bytes failed: Somente uma parte de um pedido ReadProcessMemory ou WriteProcessMemory foi concluída. (0x12B)
[0117/225410.150:WARNING:pe_image_reader.cc(340)] could not read dos header from C:\WINDOWS\SYSTEM32\ntdll.dll
[0117/225410.150:ERROR:process_memory_win.cc(73)] ReadMemory at 0x7ffc0dee0000 of 64 bytes failed: Somente uma parte de um pedido ReadProcessMemory ou WriteProcessMemory foi concluída. (0x12B)
[0117/225410.150:WARNING:pe_image_reader.cc(340)] could not read dos header from C:\WINDOWS\SYSTEM32\ntdll.dll
[0117/225410.150:ERROR:process_memory_win.cc(73)] ReadMemory at 0x7ffc0d0e0000 of 64 bytes failed: Somente uma parte de um pedido ReadProcessMemory ou WriteProcessMemory foi concluída. (0x12B)
[0117/225410.150:WARNING:pe_image_reader.cc(340)] could not read dos header from C:\WINDOWS\System32\KERNEL32.DLL
[0117/225410.150:ERROR:process_memory_win.cc(73)] ReadMemory at 0x7ffc0d0e0000 of 64 bytes failed: Somente uma parte de um pedido ReadProcessMemory ou WriteProcessMemory foi concluída. (0x12B)
[0117/225410.150:WARNING:pe_image_reader.cc(340)] could not read dos header from C:\WINDOWS\System32\KERNEL32.DLL
[0117/225410.150:ERROR:process_memory_win.cc(73)] ReadMemory at 0x7ffc0af50000 of 64 bytes failed: Somente uma parte de um pedido ReadProcessMemory ou WriteProcessMemory foi concluída. (0x12B)
[0117/225410.150:WARNING:pe_image_reader.cc(340)] could not read dos header from C:\WINDOWS\System32\KERNELBASE.dll
[0117/225410.150:ERROR:process_memory_win.cc(73)] ReadMemory at 0x7ffc0af50000 of 64 bytes failed: Somente uma parte de um pedido ReadProcessMemory ou WriteProcessMemory foi concluída. (0x12B)
[0117/225410.150:WARNING:pe_image_reader.cc(340)] could not read dos header from C:\WINDOWS\System32\KERNELBASE.dll
[0117/225410.150:ERROR:process_memory_win.cc(73)] ReadMemory at 0x7ffbd4690000 of 64 bytes failed: Somente uma parte de um pedido ReadProcessMemory ou WriteProcessMemory foi concluída. (0x12B)
[0117/225410.150:WARNING:pe_image_reader.cc(340)] could not read dos header from C:\Program Files (x86)\Google\Chrome\Application\79.0.3945.117\chrome_elf.dll
[0117/225410.150:ERROR:process_memory_win.cc(73)] ReadMemory at 0x7ffbd4690000 of 64 bytes failed: Somente uma parte de um pedido ReadProcessMemory ou WriteProcessMemory foi concluída. (0x12B)
[0117/225410.150:WARNING:pe_image_reader.cc(340)] could not read dos header from C:\Program Files (x86)\Google\Chrome\Application\79.0.3945.117\chrome_elf.dll
[0117/225410.150:ERROR:process_memory_win.cc(73)] ReadMemory at 0x7ffc061f0000 of 64 bytes failed: Somente uma parte de um pedido ReadProcessMemory ou WriteProcessMemory foi concluída. (0x12B)
[0117/225410.150:WARNING:pe_image_reader.cc(340)] could not read dos header from C:\WINDOWS\SYSTEM32\VERSION.dll
[0117/225410.150:ERROR:process_memory_win.cc(73)] ReadMemory at 0x7ffc061f0000 of 64 bytes failed: Somente uma parte de um pedido ReadProcessMemory ou WriteProcessMemory foi concluída. (0x12B)
[0117/225410.151:WARNING:pe_image_reader.cc(340)] could not read dos header from C:\WINDOWS\SYSTEM32\VERSION.dll
[0117/225410.151:ERROR:process_memory_win.cc(73)] ReadMemory at 0x7ffc0d290000 of 64 bytes failed: Somente uma parte de um pedido ReadProcessMemory ou WriteProcessMemory foi concluída. (0x12B)
[0117/225410.151:WARNING:pe_image_reader.cc(340)] could not read dos header from C:\WINDOWS\System32\msvcrt.dll
[0117/225410.151:ERROR:process_memory_win.cc(73)] ReadMemory at 0x7ffc0d290000 of 64 bytes failed: Somente uma parte de um pedido ReadProcessMemory ou WriteProcessMemory foi concluída. (0x12B)
[0117/225410.151:WARNING:pe_image_reader.cc(340)] could not read dos header from C:\WINDOWS\System32\msvcrt.dll
[0117/225410.151:ERROR:process_memory_win.cc(73)] ReadMemory at 0x7ffc0be90000 of 64 bytes failed: Somente uma parte de um pedido ReadProcessMemory ou WriteProcessMemory foi concluída. (0x12B)
[0117/225410.151:WARNING:pe_image_reader.cc(340)] could not read dos header from C:\WINDOWS\System32\bcryptPrimitives.dll
[0117/225410.151:ERROR:process_memory_win.cc(73)] ReadMemory at 0x7ffc0be90000 of 64 bytes failed: Somente uma parte de um pedido ReadProcessMemory ou WriteProcessMemory foi concluída. (0x12B)
[0117/225410.151:WARNING:pe_image_reader.cc(340)] could not read dos header from C:\WINDOWS\System32\bcryptPrimitives.dll
[0117/225410.151:ERROR:process_memory_win.cc(73)] ReadMemory at 0x7ffc0dbf0000 of 64 bytes failed: Somente uma parte de um pedido ReadProcessMemory ou WriteProcessMemory foi concluída. (0x12B)
[0117/225410.151:WARNING:pe_image_reader.cc(340)] could not read dos header from C:\WINDOWS\System32\ADVAPI32.dll
[0117/225410.151:ERROR:process_memory_win.cc(73)] ReadMemory at 0x7ffc0dbf0000 of 64 bytes failed: Somente uma parte de um pedido ReadProcessMemory ou WriteProcessMemory foi concluída. (0x12B)
[0117/225410.151:WARNING:pe_image_reader.cc(340)] could not read dos header from C:\WINDOWS\System32\ADVAPI32.dll
[0117/225410.151:ERROR:process_memory_win.cc(73)] ReadMemory at 0x7ffc0dd00000 of 64 bytes failed: Somente uma parte de um pedido ReadProcessMemory ou WriteProcessMemory foi concluída. (0x12B)
[0117/225410.151:WARNING:pe_image_reader.cc(340)] could not read dos header from C:\WINDOWS\System32\sechost.dll
[0117/225410.151:ERROR:process_memory_win.cc(73)] ReadMemory at 0x7ffc0dd00000 of 64 bytes failed: Somente uma parte de um pedido ReadProcessMemory ou WriteProcessMemory foi concluída. (0x12B)
[0117/225410.151:WARNING:pe_image_reader.cc(340)] could not read dos header from C:\WINDOWS\System32\sechost.dll
[0117/225410.151:ERROR:process_memory_win.cc(73)] ReadMemory at 0x7ffc0d350000 of 64 bytes failed: Somente uma parte de um pedido ReadProcessMemory ou WriteProcessMemory foi concluída. (0x12B)
[0117/225410.151:WARNING:pe_image_reader.cc(340)] could not read dos header from C:\WINDOWS\System32\RPCRT4.dll
[0117/225410.151:ERROR:process_memory_win.cc(73)] ReadMemory at 0x7ffc0d350000 of 64 bytes failed: Somente uma parte de um pedido ReadProcessMemory ou WriteProcessMemory foi concluída. (0x12B)
[0117/225410.151:WARNING:pe_image_reader.cc(340)] could not read dos header from C:\WINDOWS\System32\RPCRT4.dll
[0117/225410.151:ERROR:process_memory_win.cc(73)] ReadMemory at 0x7ffba9990000 of 64 bytes failed: Somente uma parte de um pedido ReadProcessMemory ou WriteProcessMemory foi concluída. (0x12B)
[0117/225410.151:WARNING:pe_image_reader.cc(340)] could not read dos header from C:\Program Files (x86)\Google\Chrome\Application\79.0.3945.117\chrome_child.dll
[0117/225410.151:ERROR:process_memory_win.cc(73)] ReadMemory at 0x7ffba9990000 of 64 bytes failed: Somente uma parte de um pedido ReadProcessMemory ou WriteProcessMemory foi concluída. (0x12B)
[0117/225410.151:WARNING:pe_image_reader.cc(340)] could not read dos header from C:\Program Files (x86)\Google\Chrome\Application\79.0.3945.117\chrome_child.dll
[0117/225410.151:ERROR:process_memory_win.cc(73)] ReadMemory at 0x7ffc0dda0000 of 64 bytes failed: Somente uma parte de um pedido ReadProcessMemory ou WriteProcessMemory foi concluída. (0x12B)
[0117/225410.151:WARNING:pe_image_reader.cc(340)] could not read dos header from C:\WINDOWS\System32\OLEAUT32.dll
[0117/225410.151:ERROR:process_memory_win.cc(73)] ReadMemory at 0x7ffc0dda0000 of 64 bytes failed: Somente uma parte de um pedido ReadProcessMemory ou WriteProcessMemory foi concluída. (0x12B)
[0117/225410.151:WARNING:pe_image_reader.cc(340)] could not read dos header from C:\WINDOWS\System32\OLEAUT32.dll
[0117/225410.151:ERROR:process_memory_win.cc(73)] ReadMemory at 0x7ffc0b320000 of 64 bytes failed: Somente uma parte de um pedido ReadProcessMemory ou WriteProcessMemory foi concluída. (0x12B)
[0117/225410.151:WARNING:pe_image_reader.cc(340)] could not read dos header from C:\WINDOWS\System32\msvcp_win.dll
[0117/225410.151:ERROR:process_memory_win.cc(73)] ReadMemory at 0x7ffc0b320000 of 64 bytes failed: Somente uma parte de um pedido ReadProcessMemory ou WriteProcessMemory foi concluída. (0x12B)
[0117/225410.151:WARNING:pe_image_reader.cc(340)] could not read dos header from C:\WINDOWS\System32\msvcp_win.dll
[0117/225410.151:ERROR:process_memory_win.cc(73)] ReadMemory at 0x7ffc0b220000 of 64 bytes failed: Somente uma parte de um pedido ReadProcessMemory ou WriteProcessMemory foi concluída. (0x12B)
[0117/225410.151:WARNING:pe_image_reader.cc(340)] could not read dos header from C:\WINDOWS\System32\ucrtbase.dll
[0117/225410.151:ERROR:process_memory_win.cc(73)] ReadMemory at 0x7ffc0b220000 of 64 bytes failed: Somente uma parte de um pedido ReadProcessMemory ou WriteProcessMemory foi concluída. (0x12B)
[0117/225410.151:WARNING:pe_image_reader.cc(340)] could not read dos header from C:\WINDOWS\System32\ucrtbase.dll
[0117/225410.151:ERROR:process_memory_win.cc(73)] ReadMemory at 0x7ffc0d8b0000 of 64 bytes failed: Somente uma parte de um pedido ReadProcessMemory ou WriteProcessMemory foi concluída. (0x12B)
[0117/225410.151:WARNING:pe_image_reader.cc(340)] could not read dos header from C:\WINDOWS\System32\combase.dll
[0117/225410.151:ERROR:process_memory_win.cc(73)] ReadMemory at 0x7ffc0d8b0000 of 64 bytes failed: Somente uma parte de um pedido ReadProcessMemory ou WriteProcessMemory foi concluída. (0x12B)
[0117/225410.151:WARNING:pe_image_reader.cc(340)] could not read dos header from C:\WINDOWS\System32\combase.dll
[0117/225410.151:ERROR:process_memory_win.cc(73)] ReadMemory at 0x7ffc0caa0000 of 64 bytes failed: Somente uma parte de um pedido ReadProcessMemory ou WriteProcessMemory foi concluída. (0x12B)
[0117/225410.151:WARNING:pe_image_reader.cc(340)] could not read dos header from C:\WINDOWS\System32\WS2_32.dll
[0117/225410.151:ERROR:process_memory_win.cc(73)] ReadMemory at 0x7ffc0caa0000 of 64 bytes failed: Somente uma parte de um pedido ReadProcessMemory ou WriteProcessMemory foi concluída. (0x12B)
[0117/225410.151:WARNING:pe_image_reader.cc(340)] could not read dos header from C:\WINDOWS\System32\WS2_32.dll
[0117/225410.151:ERROR:process_memory_win.cc(73)] ReadMemory at 0x7ffc0b6b0000 of 64 bytes failed: Somente uma parte de um pedido ReadProcessMemory ou WriteProcessMemory foi concluída. (0x12B)
[0117/225410.151:WARNING:pe_image_reader.cc(340)] could not read dos header from C:\WINDOWS\System32\WINTRUST.dll
[0117/225410.152:ERROR:process_memory_win.cc(73)] ReadMemory at 0x7ffc0b6b0000 of 64 bytes failed: Somente uma parte de um pedido ReadProcessMemory ou WriteProcessMemory foi concluída. (0x12B)
[0117/225410.152:WARNING:pe_image_reader.cc(340)] could not read dos header from C:\WINDOWS\System32\WINTRUST.dll
[0117/225410.152:ERROR:process_memory_win.cc(73)] ReadMemory at 0x7ffc0adc0000 of 64 bytes failed: Somente uma parte de um pedido ReadProcessMemory ou WriteProcessMemory foi concluída. (0x12B)
[0117/225410.152:WARNING:pe_image_reader.cc(340)] could not read dos header from C:\WINDOWS\System32\MSASN1.dll
[0117/225410.152:ERROR:process_memory_win.cc(73)] ReadMemory at 0x7ffc0adc0000 of 64 bytes failed: Somente uma parte de um pedido ReadProcessMemory ou WriteProcessMemory foi concluída. (0x12B)
[0117/225410.152:WARNING:pe_image_reader.cc(340)] could not read dos header from C:\WINDOWS\System32\MSASN1.dll
[0117/225410.152:ERROR:process_memory_win.cc(73)] ReadMemory at 0x7ffc0b560000 of 64 bytes failed: Somente uma parte de um pedido ReadProcessMemory ou WriteProcessMemory foi concluída. (0x12B)
[0117/225410.152:WARNING:pe_image_reader.cc(340)] could not read dos header from C:\WINDOWS\System32\CRYPT32.dll
[0117/225410.152:ERROR:process_memory_win.cc(73)] ReadMemory at 0x7ffc0b560000 of 64 bytes failed: Somente uma parte de um pedido ReadProcessMemory ou WriteProcessMemory foi concluída. (0x12B)
[0117/225410.152:WARNING:pe_image_reader.cc(340)] could not read dos header from C:\WINDOWS\System32\CRYPT32.dll
[0117/225410.152:ERROR:process_memory_win.cc(73)] ReadMemory at 0x7ffc0a2d0000 of 64 bytes failed: Somente uma parte de um pedido ReadProcessMemory ou WriteProcessMemory foi concluída. (0x12B)
[0117/225410.152:WARNING:pe_image_reader.cc(340)] could not read dos header from C:\WINDOWS\SYSTEM32\IPHLPAPI.DLL
[0117/225410.152:ERROR:process_memory_win.cc(73)] ReadMemory at 0x7ffc0a2d0000 of 64 bytes failed: Somente uma parte de um pedido ReadProcessMemory ou WriteProcessMemory foi concluída. (0x12B)
[0117/225410.152:WARNING:pe_image_reader.cc(340)] could not read dos header from C:\WINDOWS\SYSTEM32\IPHLPAPI.DLL
[0117/225410.152:ERROR:process_memory_win.cc(73)] ReadMemory at 0x7ffc02720000 of 64 bytes failed: Somente uma parte de um pedido ReadProcessMemory ou WriteProcessMemory foi concluída. (0x12B)
[0117/225410.152:WARNING:pe_image_reader.cc(340)] could not read dos header from C:\WINDOWS\SYSTEM32\WINMM.dll
[0117/225410.152:ERROR:process_memory_win.cc(73)] ReadMemory at 0x7ffc02720000 of 64 bytes failed: Somente uma parte de um pedido ReadProcessMemory ou WriteProcessMemory foi concluída. (0x12B)
[0117/225410.152:WARNING:pe_image_reader.cc(340)] could not read dos header from C:\WINDOWS\SYSTEM32\WINMM.dll
[0117/225410.152:ERROR:process_memory_win.cc(73)] ReadMemory at 0x7ffc0aca0000 of 64 bytes failed: Somente uma parte de um pedido ReadProcessMemory ou WriteProcessMemory foi concluída. (0x12B)
[0117/225410.152:WARNING:pe_image_reader.cc(340)] could not read dos header from C:\WINDOWS\SYSTEM32\USERENV.dll
[0117/225410.152:ERROR:process_memory_win.cc(73)] ReadMemory at 0x7ffc0aca0000 of 64 bytes failed: Somente uma parte de um pedido ReadProcessMemory ou WriteProcessMemory foi concluída. (0x12B)
[0117/225410.152:WARNING:pe_image_reader.cc(340)] could not read dos header from C:\WINDOWS\SYSTEM32\USERENV.dll
[0117/225410.152:ERROR:process_memory_win.cc(73)] ReadMemory at 0x7ffc0ae50000 of 64 bytes failed: Somente uma parte de um pedido ReadProcessMemory ou WriteProcessMemory foi concluída. (0x12B)
[0117/225410.152:WARNING:pe_image_reader.cc(340)] could not read dos header from C:\WINDOWS\System32\profapi.dll
[0117/225410.152:ERROR:process_memory_win.cc(73)] ReadMemory at 0x7ffc0ae50000 of 64 bytes failed: Somente uma parte de um pedido ReadProcessMemory ou WriteProcessMemory foi concluída. (0x12B)
[0117/225410.152:WARNING:pe_image_reader.cc(340)] could not read dos header from C:\WINDOWS\System32\profapi.dll
[0117/225410.152:ERROR:process_memory_win.cc(73)] ReadMemory at 0x7ffbebf70000 of 64 bytes failed: Somente uma parte de um pedido ReadProcessMemory ou WriteProcessMemory foi concluída. (0x12B)
[0117/225410.152:WARNING:pe_image_reader.cc(340)] could not read dos header from C:\WINDOWS\SYSTEM32\DWrite.dll
[0117/225410.152:ERROR:process_memory_win.cc(73)] ReadMemory at 0x7ffbebf70000 of 64 bytes failed: Somente uma parte de um pedido ReadProcessMemory ou WriteProcessMemory foi concluída. (0x12B)
[0117/225410.152:WARNING:pe_image_reader.cc(340)] could not read dos header from C:\WINDOWS\SYSTEM32\DWrite.dll
[0117/225410.152:ERROR:process_memory_win.cc(73)] ReadMemory at 0x7ffc02aa0000 of 64 bytes failed: Somente uma parte de um pedido ReadProcessMemory ou WriteProcessMemory foi concluída. (0x12B)
[0117/225410.152:WARNING:pe_image_reader.cc(340)] could not read dos header from C:\WINDOWS\SYSTEM32\WINSPOOL.DRV
[0117/225410.152:ERROR:process_memory_win.cc(73)] ReadMemory at 0x7ffc02aa0000 of 64 bytes failed: Somente uma parte de um pedido ReadProcessMemory ou WriteProcessMemory foi concluída. (0x12B)
[0117/225410.152:WARNING:pe_image_reader.cc(340)] could not read dos header from C:\WINDOWS\SYSTEM32\WINSPOOL.DRV
[0117/225410.152:ERROR:process_memory_win.cc(73)] ReadMemory at 0x7ffc0ae30000 of 64 bytes failed: Somente uma parte de um pedido ReadProcessMemory ou WriteProcessMemory foi concluída. (0x12B)
[0117/225410.152:WARNING:pe_image_reader.cc(340)] could not read dos header from C:\WINDOWS\System32\kernel.appcore.dll
[0117/225410.152:ERROR:process_memory_win.cc(73)] ReadMemory at 0x7ffc0ae30000 of 64 bytes failed: Somente uma parte de um pedido ReadProcessMemory ou WriteProcessMemory foi concluída. (0x12B)
[0117/225410.152:WARNING:pe_image_reader.cc(340)] could not read dos header from C:\WINDOWS\System32\kernel.appcore.dll
[0117/225410.152:ERROR:process_memory_win.cc(73)] ReadMemory at 0x7ffc0bf60000 of 64 bytes failed: Somente uma parte de um pedido ReadProcessMemory ou WriteProcessMemory foi concluída. (0x12B)
[0117/225410.152:WARNING:pe_image_reader.cc(340)] could not read dos header from C:\WINDOWS\System32\bcrypt.dll
[0117/225410.152:ERROR:process_memory_win.cc(73)] ReadMemory at 0x7ffc0bf60000 of 64 bytes failed: Somente uma parte de um pedido ReadProcessMemory ou WriteProcessMemory foi concluída. (0x12B)
[0117/225410.152:WARNING:pe_image_reader.cc(340)] could not read dos header from C:\WINDOWS\System32\bcrypt.dll
[0117/225410.152:ERROR:process_memory_win.cc(73)] ReadMemory at 0x7ffc09ad0000 of 64 bytes failed: Somente uma parte de um pedido ReadProcessMemory ou WriteProcessMemory foi concluída. (0x12B)
[0117/225410.152:WARNING:pe_image_reader.cc(340)] could not read dos header from C:\WINDOWS\SYSTEM32\dbghelp.dll
[0117/225410.153:ERROR:process_memory_win.cc(73)] ReadMemory at 0x7ffc09ad0000 of 64 bytes failed: Somente uma parte de um pedido ReadProcessMemory ou WriteProcessMemory foi concluída. (0x12B)
[0117/225410.153:WARNING:pe_image_reader.cc(340)] could not read dos header from C:\WINDOWS\SYSTEM32\dbghelp.dll
[0117/225410.153:ERROR:process_memory_win.cc(73)] ReadMemory at 0x7ffbfd8a0000 of 64 bytes failed: Somente uma parte de um pedido ReadProcessMemory ou WriteProcessMemory foi concluída. (0x12B)
[0117/225410.153:WARNING:pe_image_reader.cc(340)] could not read dos header from C:\WINDOWS\SYSTEM32\Secur32.dll
[0117/225410.153:ERROR:process_memory_win.cc(73)] ReadMemory at 0x7ffbfd8a0000 of 64 bytes failed: Somente uma parte de um pedido ReadProcessMemory ou WriteProcessMemory foi concluída. (0x12B)
[0117/225410.153:WARNING:pe_image_reader.cc(340)] could not read dos header from C:\WINDOWS\SYSTEM32\Secur32.dll
[0117/225410.153:ERROR:process_memory_win.cc(73)] ReadMemory at 0x7ffc023f0000 of 64 bytes failed: Somente uma parte de um pedido ReadProcessMemory ou WriteProcessMemory foi concluída. (0x12B)
[0117/225410.153:WARNING:pe_image_reader.cc(340)] could not read dos header from C:\WINDOWS\SYSTEM32\WINHTTP.dll
[0117/225410.153:ERROR:process_memory_win.cc(73)] ReadMemory at 0x7ffc023f0000 of 64 bytes failed: Somente uma parte de um pedido ReadProcessMemory ou WriteProcessMemory foi concluída. (0x12B)
[0117/225410.153:WARNING:pe_image_reader.cc(340)] could not read dos header from C:\WINDOWS\SYSTEM32\WINHTTP.dll
[0117/225410.153:ERROR:process_memory_win.cc(73)] ReadMemory at 0x7ffc05630000 of 64 bytes failed: Somente uma parte de um pedido ReadProcessMemory ou WriteProcessMemory foi concluída. (0x12B)
[0117/225410.153:WARNING:pe_image_reader.cc(340)] could not read dos header from C:\WINDOWS\SYSTEM32\dhcpcsvc.DLL
[0117/225410.153:ERROR:process_memory_win.cc(73)] ReadMemory at 0x7ffc05630000 of 64 bytes failed: Somente uma parte de um pedido ReadProcessMemory ou WriteProcessMemory foi concluída. (0x12B)
[0117/225410.153:WARNING:pe_image_reader.cc(340)] could not read dos header from C:\WINDOWS\SYSTEM32\dhcpcsvc.DLL
[0117/225410.153:ERROR:process_memory_win.cc(73)] ReadMemory at 0x7ffc0c010000 of 64 bytes failed: Somente uma parte de um pedido ReadProcessMemory ou WriteProcessMemory foi concluída. (0x12B)
[0117/225410.153:WARNING:pe_image_reader.cc(340)] could not read dos header from C:\WINDOWS\System32\NSI.dll
[0117/225410.153:ERROR:process_memory_win.cc(73)] ReadMemory at 0x7ffc0c010000 of 64 bytes failed: Somente uma parte de um pedido ReadProcessMemory ou WriteProcessMemory foi concluída. (0x12B)
[0117/225410.153:WARNING:pe_image_reader.cc(340)] could not read dos header from C:\WINDOWS\System32\NSI.dll
[0117/225410.153:ERROR:process_memory_win.cc(73)] ReadMemory at 0x7ffc024e0000 of 64 bytes failed: Somente uma parte de um pedido ReadProcessMemory ou WriteProcessMemory foi concluída. (0x12B)
[0117/225410.153:WARNING:pe_image_reader.cc(340)] could not read dos header from C:\WINDOWS\SYSTEM32\WINMMBASE.dll
[0117/225410.153:ERROR:process_memory_win.cc(73)] ReadMemory at 0x7ffc024e0000 of 64 bytes failed: Somente uma parte de um pedido ReadProcessMemory ou WriteProcessMemory foi concluída. (0x12B)
[0117/225410.153:WARNING:pe_image_reader.cc(340)] could not read dos header from C:\WINDOWS\SYSTEM32\WINMMBASE.dll
[0117/225410.153:ERROR:process_memory_win.cc(73)] ReadMemory at 0x7ffc0bf10000 of 64 bytes failed: Somente uma parte de um pedido ReadProcessMemory ou WriteProcessMemory foi concluída. (0x12B)
[0117/225410.153:WARNING:pe_image_reader.cc(340)] could not read dos header from C:\WINDOWS\System32\cfgmgr32.dll
[0117/225410.153:ERROR:process_memory_win.cc(73)] ReadMemory at 0x7ffc0bf10000 of 64 bytes failed: Somente uma parte de um pedido ReadProcessMemory ou WriteProcessMemory foi concluída. (0x12B)
[0117/225410.153:WARNING:pe_image_reader.cc(340)] could not read dos header from C:\WINDOWS\System32\cfgmgr32.dll
[0117/225410.153:ERROR:process_memory_win.cc(73)] ReadMemory at 0x7ffc07020000 of 64 bytes failed: Somente uma parte de um pedido ReadProcessMemory ou WriteProcessMemory foi concluída. (0x12B)
[0117/225410.153:WARNING:pe_image_reader.cc(340)] could not read dos header from C:\WINDOWS\SYSTEM32\PROPSYS.dll
[0117/225410.153:ERROR:process_memory_win.cc(73)] ReadMemory at 0x7ffc07020000 of 64 bytes failed: Somente uma parte de um pedido ReadProcessMemory ou WriteProcessMemory foi concluída. (0x12B)
[0117/225410.153:WARNING:pe_image_reader.cc(340)] could not read dos header from C:\WINDOWS\SYSTEM32\PROPSYS.dll
[0117/225410.153:ERROR:process_memory_win.cc(73)] ReadMemory at 0x7ffc0c020000 of 64 bytes failed: Somente uma parte de um pedido ReadProcessMemory ou WriteProcessMemory foi concluída. (0x12B)
[0117/225410.153:WARNING:pe_image_reader.cc(340)] could not read dos header from C:\WINDOWS\System32\shcore.dll
[0117/225410.153:ERROR:process_memory_win.cc(73)] ReadMemory at 0x7ffc0c020000 of 64 bytes failed: Somente uma parte de um pedido ReadProcessMemory ou WriteProcessMemory foi concluída. (0x12B)
[0117/225410.153:WARNING:pe_image_reader.cc(340)] could not read dos header from C:\WINDOWS\System32\shcore.dll
[0117/225410.153:ERROR:process_memory_win.cc(73)] ReadMemory at 0x7ffc0acd0000 of 64 bytes failed: Somente uma parte de um pedido ReadProcessMemory ou WriteProcessMemory foi concluída. (0x12B)
[0117/225410.153:WARNING:pe_image_reader.cc(340)] could not read dos header from C:\WINDOWS\SYSTEM32\SSPICLI.DLL
[0117/225410.153:ERROR:process_memory_win.cc(73)] ReadMemory at 0x7ffc0acd0000 of 64 bytes failed: Somente uma parte de um pedido ReadProcessMemory ou WriteProcessMemory foi concluída. (0x12B)
[0117/225410.153:WARNING:pe_image_reader.cc(340)] could not read dos header from C:\WINDOWS\SYSTEM32\SSPICLI.DLL
[0117/225410.153:ERROR:process_memory_win.cc(73)] ReadMemory at 0x7ffc0a790000 of 64 bytes failed: Somente uma parte de um pedido ReadProcessMemory ou WriteProcessMemory foi concluída. (0x12B)
[0117/225410.153:WARNING:pe_image_reader.cc(340)] could not read dos header from C:\WINDOWS\SYSTEM32\CRYPTBASE.DLL
[0117/225410.153:ERROR:process_memory_win.cc(73)] ReadMemory at 0x7ffc0a790000 of 64 bytes failed: Somente uma parte de um pedido ReadProcessMemory ou WriteProcessMemory foi concluída. (0x12B)
[0117/225410.153:WARNING:pe_image_reader.cc(340)] could not read dos header from C:\WINDOWS\SYSTEM32\CRYPTBASE.DLL
[0117/225410.176:ERROR:process_memory_win.cc(73)] ReadMemory at 0x7ff6f06b0000 of 64 bytes failed: Somente uma parte de um pedido ReadProcessMemory ou WriteProcessMemory foi concluída. (0x12B)
[0117/225410.176:WARNING:pe_image_reader.cc(340)] could not read dos header from C:\Program Files (x86)\Google\Chrome\Application\chrome.exe
[0117/225410.176:ERROR:process_memory_win.cc(73)] ReadMemory at 0x7ffc0dee0000 of 64 bytes failed: Somente uma parte de um pedido ReadProcessMemory ou WriteProcessMemory foi concluída. (0x12B)
[0117/225410.176:WARNING:pe_image_reader.cc(340)] could not read dos header from C:\WINDOWS\SYSTEM32\ntdll.dll
[0117/225410.176:ERROR:process_memory_win.cc(73)] ReadMemory at 0x7ffc0d0e0000 of 64 bytes failed: Somente uma parte de um pedido ReadProcessMemory ou WriteProcessMemory foi concluída. (0x12B)
[0117/225410.176:WARNING:pe_image_reader.cc(340)] could not read dos header from C:\WINDOWS\System32\KERNEL32.DLL
[0117/225410.176:ERROR:process_memory_win.cc(73)] ReadMemory at 0x7ffc0af50000 of 64 bytes failed: Somente uma parte de um pedido ReadProcessMemory ou WriteProcessMemory foi concluída. (0x12B)
[0117/225410.176:WARNING:pe_image_reader.cc(340)] could not read dos header from C:\WINDOWS\System32\KERNELBASE.dll
[0117/225410.176:ERROR:process_memory_win.cc(73)] ReadMemory at 0x7ffbd4690000 of 64 bytes failed: Somente uma parte de um pedido ReadProcessMemory ou WriteProcessMemory foi concluída. (0x12B)
[0117/225410.176:WARNING:pe_image_reader.cc(340)] could not read dos header from C:\Program Files (x86)\Google\Chrome\Application\79.0.3945.117\chrome_elf.dll
[0117/225410.176:ERROR:process_memory_win.cc(73)] ReadMemory at 0x7ffc061f0000 of 64 bytes failed: Somente uma parte de um pedido ReadProcessMemory ou WriteProcessMemory foi concluída. (0x12B)
[0117/225410.176:WARNING:pe_image_reader.cc(340)] could not read dos header from C:\WINDOWS\SYSTEM32\VERSION.dll
[0117/225410.176:ERROR:process_memory_win.cc(73)] ReadMemory at 0x7ffc0d290000 of 64 bytes failed: Somente uma parte de um pedido ReadProcessMemory ou WriteProcessMemory foi concluída. (0x12B)
[0117/225410.176:WARNING:pe_image_reader.cc(340)] could not read dos header from C:\WINDOWS\System32\msvcrt.dll
[0117/225410.176:ERROR:process_memory_win.cc(73)] ReadMemory at 0x7ffc0be90000 of 64 bytes failed: Somente uma parte de um pedido ReadProcessMemory ou WriteProcessMemory foi concluída. (0x12B)
[0117/225410.177:WARNING:pe_image_reader.cc(340)] could not read dos header from C:\WINDOWS\System32\bcryptPrimitives.dll
[0117/225410.177:ERROR:process_memory_win.cc(73)] ReadMemory at 0x7ffc0dbf0000 of 64 bytes failed: Somente uma parte de um pedido ReadProcessMemory ou WriteProcessMemory foi concluída. (0x12B)
[0117/225410.177:WARNING:pe_image_reader.cc(340)] could not read dos header from C:\WINDOWS\System32\ADVAPI32.dll
[0117/225410.177:ERROR:process_memory_win.cc(73)] ReadMemory at 0x7ffc0dd00000 of 64 bytes failed: Somente uma parte de um pedido ReadProcessMemory ou WriteProcessMemory foi concluída. (0x12B)
[0117/225410.177:WARNING:pe_image_reader.cc(340)] could not read dos header from C:\WINDOWS\System32\sechost.dll
[0117/225410.177:ERROR:process_memory_win.cc(73)] ReadMemory at 0x7ffc0d350000 of 64 bytes failed: Somente uma parte de um pedido ReadProcessMemory ou WriteProcessMemory foi concluída. (0x12B)
[0117/225410.177:WARNING:pe_image_reader.cc(340)] could not read dos header from C:\WINDOWS\System32\RPCRT4.dll
[0117/225410.177:ERROR:process_memory_win.cc(73)] ReadMemory at 0x7ffba9990000 of 64 bytes failed: Somente uma parte de um pedido ReadProcessMemory ou WriteProcessMemory foi concluída. (0x12B)
[0117/225410.177:WARNING:pe_image_reader.cc(340)] could not read dos header from C:\Program Files (x86)\Google\Chrome\Application\79.0.3945.117\chrome_child.dll
[0117/225410.177:ERROR:process_memory_win.cc(73)] ReadMemory at 0x7ffc0dda0000 of 64 bytes failed: Somente uma parte de um pedido ReadProcessMemory ou WriteProcessMemory foi concluída. (0x12B)
[0117/225410.177:WARNING:pe_image_reader.cc(340)] could not read dos header from C:\WINDOWS\System32\OLEAUT32.dll
[0117/225410.177:ERROR:process_memory_win.cc(73)] ReadMemory at 0x7ffc0b320000 of 64 bytes failed: Somente uma parte de um pedido ReadProcessMemory ou WriteProcessMemory foi concluída. (0x12B)
[0117/225410.177:WARNING:pe_image_reader.cc(340)] could not read dos header from C:\WINDOWS\System32\msvcp_win.dll
[0117/225410.177:ERROR:process_memory_win.cc(73)] ReadMemory at 0x7ffc0b220000 of 64 bytes failed: Somente uma parte de um pedido ReadProcessMemory ou WriteProcessMemory foi concluída. (0x12B)
[0117/225410.177:WARNING:pe_image_reader.cc(340)] could not read dos header from C:\WINDOWS\System32\ucrtbase.dll
[0117/225410.177:ERROR:process_memory_win.cc(73)] ReadMemory at 0x7ffc0d8b0000 of 64 bytes failed: Somente uma parte de um pedido ReadProcessMemory ou WriteProcessMemory foi concluída. (0x12B)
[0117/225410.177:WARNING:pe_image_reader.cc(340)] could not read dos header from C:\WINDOWS\System32\combase.dll
[0117/225410.177:ERROR:process_memory_win.cc(73)] ReadMemory at 0x7ffc0caa0000 of 64 bytes failed: Somente uma parte de um pedido ReadProcessMemory ou WriteProcessMemory foi concluída. (0x12B)
[0117/225410.177:WARNING:pe_image_reader.cc(340)] could not read dos header from C:\WINDOWS\System32\WS2_32.dll
[0117/225410.177:ERROR:process_memory_win.cc(73)] ReadMemory at 0x7ffc0b6b0000 of 64 bytes failed: Somente uma parte de um pedido ReadProcessMemory ou WriteProcessMemory foi concluída. (0x12B)
[0117/225410.177:WARNING:pe_image_reader.cc(340)] could not read dos header from C:\WINDOWS\System32\WINTRUST.dll
[0117/225410.177:ERROR:process_memory_win.cc(73)] ReadMemory at 0x7ffc0adc0000 of 64 bytes failed: Somente uma parte de um pedido ReadProcessMemory ou WriteProcessMemory foi concluída. (0x12B)
[0117/225410.177:WARNING:pe_image_reader.cc(340)] could not read dos header from C:\WINDOWS\System32\MSASN1.dll
[0117/225410.177:ERROR:process_memory_win.cc(73)] ReadMemory at 0x7ffc0b560000 of 64 bytes failed: Somente uma parte de um pedido ReadProcessMemory ou WriteProcessMemory foi concluída. (0x12B)
[0117/225410.177:WARNING:pe_image_reader.cc(340)] could not read dos header from C:\WINDOWS\System32\CRYPT32.dll
[0117/225410.177:ERROR:process_memory_win.cc(73)] ReadMemory at 0x7ffc0a2d0000 of 64 bytes failed: Somente uma parte de um pedido ReadProcessMemory ou WriteProcessMemory foi concluída. (0x12B)
[0117/225410.177:WARNING:pe_image_reader.cc(340)] could not read dos header from C:\WINDOWS\SYSTEM32\IPHLPAPI.DLL
[0117/225410.177:ERROR:process_memory_win.cc(73)] ReadMemory at 0x7ffc02720000 of 64 bytes failed: Somente uma parte de um pedido ReadProcessMemory ou WriteProcessMemory foi concluída. (0x12B)
[0117/225410.177:WARNING:pe_image_reader.cc(340)] could not read dos header from C:\WINDOWS\SYSTEM32\WINMM.dll
[0117/225410.178:ERROR:process_memory_win.cc(73)] ReadMemory at 0x7ffc0aca0000 of 64 bytes failed: Somente uma parte de um pedido ReadProcessMemory ou WriteProcessMemory foi concluída. (0x12B)
[0117/225410.178:WARNING:pe_image_reader.cc(340)] could not read dos header from C:\WINDOWS\SYSTEM32\USERENV.dll
[0117/225410.178:ERROR:process_memory_win.cc(73)] ReadMemory at 0x7ffc0ae50000 of 64 bytes failed: Somente uma parte de um pedido ReadProcessMemory ou WriteProcessMemory foi concluída. (0x12B)
[0117/225410.178:WARNING:pe_image_reader.cc(340)] could not read dos header from C:\WINDOWS\System32\profapi.dll
[0117/225410.178:ERROR:process_memory_win.cc(73)] ReadMemory at 0x7ffbebf70000 of 64 bytes failed: Somente uma parte de um pedido ReadProcessMemory ou WriteProcessMemory foi concluída. (0x12B)
[0117/225410.178:WARNING:pe_image_reader.cc(340)] could not read dos header from C:\WINDOWS\SYSTEM32\DWrite.dll
[0117/225410.178:ERROR:process_memory_win.cc(73)] ReadMemory at 0x7ffc02aa0000 of 64 bytes failed: Somente uma parte de um pedido ReadProcessMemory ou WriteProcessMemory foi concluída. (0x12B)
[0117/225410.178:WARNING:pe_image_reader.cc(340)] could not read dos header from C:\WINDOWS\SYSTEM32\WINSPOOL.DRV
[0117/225410.178:ERROR:process_memory_win.cc(73)] ReadMemory at 0x7ffc0ae30000 of 64 bytes failed: Somente uma parte de um pedido ReadProcessMemory ou WriteProcessMemory foi concluída. (0x12B)
[0117/225410.178:WARNING:pe_image_reader.cc(340)] could not read dos header from C:\WINDOWS\System32\kernel.appcore.dll
[0117/225410.178:ERROR:process_memory_win.cc(73)] ReadMemory at 0x7ffc0bf60000 of 64 bytes failed: Somente uma parte de um pedido ReadProcessMemory ou WriteProcessMemory foi concluída. (0x12B)
[0117/225410.178:WARNING:pe_image_reader.cc(340)] could not read dos header from C:\WINDOWS\System32\bcrypt.dll
[0117/225410.178:ERROR:process_memory_win.cc(73)] ReadMemory at 0x7ffc09ad0000 of 64 bytes failed: Somente uma parte de um pedido ReadProcessMemory ou WriteProcessMemory foi concluída. (0x12B)
[0117/225410.178:WARNING:pe_image_reader.cc(340)] could not read dos header from C:\WINDOWS\SYSTEM32\dbghelp.dll
[0117/225410.178:ERROR:process_memory_win.cc(73)] ReadMemory at 0x7ffbfd8a0000 of 64 bytes failed: Somente uma parte de um pedido ReadProcessMemory ou WriteProcessMemory foi concluída. (0x12B)
[0117/225410.178:WARNING:pe_image_reader.cc(340)] could not read dos header from C:\WINDOWS\SYSTEM32\Secur32.dll
[0117/225410.178:ERROR:process_memory_win.cc(73)] ReadMemory at 0x7ffc023f0000 of 64 bytes failed: Somente uma parte de um pedido ReadProcessMemory ou WriteProcessMemory foi concluída. (0x12B)
[0117/225410.178:WARNING:pe_image_reader.cc(340)] could not read dos header from C:\WINDOWS\SYSTEM32\WINHTTP.dll
[0117/225410.178:ERROR:process_memory_win.cc(73)] ReadMemory at 0x7ffc05630000 of 64 bytes failed: Somente uma parte de um pedido ReadProcessMemory ou WriteProcessMemory foi concluída. (0x12B)
[0117/225410.178:WARNING:pe_image_reader.cc(340)] could not read dos header from C:\WINDOWS\SYSTEM32\dhcpcsvc.DLL
[0117/225410.178:ERROR:process_memory_win.cc(73)] ReadMemory at 0x7ffc0c010000 of 64 bytes failed: Somente uma parte de um pedido ReadProcessMemory ou WriteProcessMemory foi concluída. (0x12B)
[0117/225410.178:WARNING:pe_image_reader.cc(340)] could not read dos header from C:\WINDOWS\System32\NSI.dll
[0117/225410.178:ERROR:process_memory_win.cc(73)] ReadMemory at 0x7ffc024e0000 of 64 bytes failed: Somente uma parte de um pedido ReadProcessMemory ou WriteProcessMemory foi concluída. (0x12B)
[0117/225410.178:WARNING:pe_image_reader.cc(340)] could not read dos header from C:\WINDOWS\SYSTEM32\WINMMBASE.dll
[0117/225410.178:ERROR:process_memory_win.cc(73)] ReadMemory at 0x7ffc0bf10000 of 64 bytes failed: Somente uma parte de um pedido ReadProcessMemory ou WriteProcessMemory foi concluída. (0x12B)
[0117/225410.178:WARNING:pe_image_reader.cc(340)] could not read dos header from C:\WINDOWS\System32\cfgmgr32.dll
[0117/225410.178:ERROR:process_memory_win.cc(73)] ReadMemory at 0x7ffc07020000 of 64 bytes failed: Somente uma parte de um pedido ReadProcessMemory ou WriteProcessMemory foi concluída. (0x12B)
[0117/225410.178:WARNING:pe_image_reader.cc(340)] could not read dos header from C:\WINDOWS\SYSTEM32\PROPSYS.dll
[0117/225410.178:ERROR:process_memory_win.cc(73)] ReadMemory at 0x7ffc0c020000 of 64 bytes failed: Somente uma parte de um pedido ReadProcessMemory ou WriteProcessMemory foi concluída. (0x12B)
[0117/225410.178:WARNING:pe_image_reader.cc(340)] could not read dos header from C:\WINDOWS\System32\shcore.dll
[0117/225410.178:ERROR:process_memory_win.cc(73)] ReadMemory at 0x7ffc0acd0000 of 64 bytes failed: Somente uma parte de um pedido ReadProcessMemory ou WriteProcessMemory foi concluída. (0x12B)
[0117/225410.179:WARNING:pe_image_reader.cc(340)] could not read dos header from C:\WINDOWS\SYSTEM32\SSPICLI.DLL
[0117/225410.179:ERROR:process_memory_win.cc(73)] ReadMemory at 0x7ffc0a790000 of 64 bytes failed: Somente uma parte de um pedido ReadProcessMemory ou WriteProcessMemory foi concluída. (0x12B)
[0117/225410.179:WARNING:pe_image_reader.cc(340)] could not read dos header from C:\WINDOWS\SYSTEM32\CRYPTBASE.DLL
[0117/225410.179:ERROR:process_memory_win.cc(73)] ReadMemory at 0x7ff6f06b0000 of 64 bytes failed: Somente uma parte de um pedido ReadProcessMemory ou WriteProcessMemory foi concluída. (0x12B)
[0117/225410.179:WARNING:pe_image_reader.cc(340)] could not read dos header from C:\Program Files (x86)\Google\Chrome\Application\chrome.exe
[0117/225410.179:ERROR:process_memory_win.cc(73)] ReadMemory at 0x7ffc0dee0000 of 64 bytes failed: Somente uma parte de um pedido ReadProcessMemory ou WriteProcessMemory foi concluída. (0x12B)
[0117/225410.179:WARNING:pe_image_reader.cc(340)] could not read dos header from C:\WINDOWS\SYSTEM32\ntdll.dll
[0117/225410.179:ERROR:process_memory_win.cc(73)] ReadMemory at 0x7ffc0d0e0000 of 64 bytes failed: Somente uma parte de um pedido ReadProcessMemory ou WriteProcessMemory foi concluída. (0x12B)
[0117/225410.179:WARNING:pe_image_reader.cc(340)] could not read dos header from C:\WINDOWS\System32\KERNEL32.DLL
[0117/225410.179:ERROR:process_memory_win.cc(73)] ReadMemory at 0x7ffc0af50000 of 64 bytes failed: Somente uma parte de um pedido ReadProcessMemory ou WriteProcessMemory foi concluída. (0x12B)
[0117/225410.179:WARNING:pe_image_reader.cc(340)] could not read dos header from C:\WINDOWS\System32\KERNELBASE.dll
[0117/225410.179:ERROR:process_memory_win.cc(73)] ReadMemory at 0x7ffbd4690000 of 64 bytes failed: Somente uma parte de um pedido ReadProcessMemory ou WriteProcessMemory foi concluída. (0x12B)
[0117/225410.179:WARNING:pe_image_reader.cc(340)] could not read dos header from C:\Program Files (x86)\Google\Chrome\Application\79.0.3945.117\chrome_elf.dll
[0117/225410.179:ERROR:process_memory_win.cc(73)] ReadMemory at 0x7ffc061f0000 of 64 bytes failed: Somente uma parte de um pedido ReadProcessMemory ou WriteProcessMemory foi concluída. (0x12B)
[0117/225410.179:WARNING:pe_image_reader.cc(340)] could not read dos header from C:\WINDOWS\SYSTEM32\VERSION.dll
[0117/225410.179:ERROR:process_memory_win.cc(73)] ReadMemory at 0x7ffc0d290000 of 64 bytes failed: Somente uma parte de um pedido ReadProcessMemory ou WriteProcessMemory foi concluída. (0x12B)
[0117/225410.179:WARNING:pe_image_reader.cc(340)] could not read dos header from C:\WINDOWS\System32\msvcrt.dll
[0117/225410.179:ERROR:process_memory_win.cc(73)] ReadMemory at 0x7ffc0be90000 of 64 bytes failed: Somente uma parte de um pedido ReadProcessMemory ou WriteProcessMemory foi concluída. (0x12B)
[0117/225410.179:WARNING:pe_image_reader.cc(340)] could not read dos header from C:\WINDOWS\System32\bcryptPrimitives.dll
[0117/225410.179:ERROR:process_memory_win.cc(73)] ReadMemory at 0x7ffc0dbf0000 of 64 bytes failed: Somente uma parte de um pedido ReadProcessMemory ou WriteProcessMemory foi concluída. (0x12B)
[0117/225410.179:WARNING:pe_image_reader.cc(340)] could not read dos header from C:\WINDOWS\System32\ADVAPI32.dll
[0117/225410.179:ERROR:process_memory_win.cc(73)] ReadMemory at 0x7ffc0dd00000 of 64 bytes failed: Somente uma parte de um pedido ReadProcessMemory ou WriteProcessMemory foi concluída. (0x12B)
[0117/225410.179:WARNING:pe_image_reader.cc(340)] could not read dos header from C:\WINDOWS\System32\sechost.dll
[0117/225410.179:ERROR:process_memory_win.cc(73)] ReadMemory at 0x7ffc0d350000 of 64 bytes failed: Somente uma parte de um pedido ReadProcessMemory ou WriteProcessMemory foi concluída. (0x12B)
[0117/225410.179:WARNING:pe_image_reader.cc(340)] could not read dos header from C:\WINDOWS\System32\RPCRT4.dll
[0117/225410.179:ERROR:process_memory_win.cc(73)] ReadMemory at 0x7ffba9990000 of 64 bytes failed: Somente uma parte de um pedido ReadProcessMemory ou WriteProcessMemory foi concluída. (0x12B)
[0117/225410.179:WARNING:pe_image_reader.cc(340)] could not read dos header from C:\Program Files (x86)\Google\Chrome\Application\79.0.3945.117\chrome_child.dll
[0117/225410.179:ERROR:process_memory_win.cc(73)] ReadMemory at 0x7ffc0dda0000 of 64 bytes failed: Somente uma parte de um pedido ReadProcessMemory ou WriteProcessMemory foi concluída. (0x12B)
[0117/225410.179:WARNING:pe_image_reader.cc(340)] could not read dos header from C:\WINDOWS\System32\OLEAUT32.dll
[0117/225410.179:ERROR:process_memory_win.cc(73)] ReadMemory at 0x7ffc0b320000 of 64 bytes failed: Somente uma parte de um pedido ReadProcessMemory ou WriteProcessMemory foi concluída. (0x12B)
[0117/225410.179:WARNING:pe_image_reader.cc(340)] could not read dos header from C:\WINDOWS\System32\msvcp_win.dll
[0117/225410.179:ERROR:process_memory_win.cc(73)] ReadMemory at 0x7ffc0b220000 of 64 bytes failed: Somente uma parte de um pedido ReadProcessMemory ou WriteProcessMemory foi concluída. (0x12B)
[0117/225410.179:WARNING:pe_image_reader.cc(340)] could not read dos header from C:\WINDOWS\System32\ucrtbase.dll
[0117/225410.179:ERROR:process_memory_win.cc(73)] ReadMemory at 0x7ffc0d8b0000 of 64 bytes failed: Somente uma parte de um pedido ReadProcessMemory ou WriteProcessMemory foi concluída. (0x12B)
[0117/225410.179:WARNING:pe_image_reader.cc(340)] could not read dos header from C:\WINDOWS\System32\combase.dll
[0117/225410.179:ERROR:process_memory_win.cc(73)] ReadMemory at 0x7ffc0caa0000 of 64 bytes failed: Somente uma parte de um pedido ReadProcessMemory ou WriteProcessMemory foi concluída. (0x12B)
[0117/225410.179:WARNING:pe_image_reader.cc(340)] could not read dos header from C:\WINDOWS\System32\WS2_32.dll
[0117/225410.179:ERROR:process_memory_win.cc(73)] ReadMemory at 0x7ffc0b6b0000 of 64 bytes failed: Somente uma parte de um pedido ReadProcessMemory ou WriteProcessMemory foi concluída. (0x12B)
[0117/225410.179:WARNING:pe_image_reader.cc(340)] could not read dos header from C:\WINDOWS\System32\WINTRUST.dll
[0117/225410.179:ERROR:process_memory_win.cc(73)] ReadMemory at 0x7ffc0adc0000 of 64 bytes failed: Somente uma parte de um pedido ReadProcessMemory ou WriteProcessMemory foi concluída. (0x12B)
[0117/225410.179:WARNING:pe_image_reader.cc(340)] could not read dos header from C:\WINDOWS\System32\MSASN1.dll
[0117/225410.179:ERROR:process_memory_win.cc(73)] ReadMemory at 0x7ffc0b560000 of 64 bytes failed: Somente uma parte de um pedido ReadProcessMemory ou WriteProcessMemory foi concluída. (0x12B)
[0117/225410.179:WARNING:pe_image_reader.cc(340)] could not read dos header from C:\WINDOWS\System32\CRYPT32.dll
[0117/225410.179:ERROR:process_memory_win.cc(73)] ReadMemory at 0x7ffc0a2d0000 of 64 bytes failed: Somente uma parte de um pedido ReadProcessMemory ou WriteProcessMemory foi concluída. (0x12B)
[0117/225410.180:WARNING:pe_image_reader.cc(340)] could not read dos header from C:\WINDOWS\SYSTEM32\IPHLPAPI.DLL
[0117/225410.180:ERROR:process_memory_win.cc(73)] ReadMemory at 0x7ffc02720000 of 64 bytes failed: Somente uma parte de um pedido ReadProcessMemory ou WriteProcessMemory foi concluída. (0x12B)
[0117/225410.180:WARNING:pe_image_reader.cc(340)] could not read dos header from C:\WINDOWS\SYSTEM32\WINMM.dll
[0117/225410.180:ERROR:process_memory_win.cc(73)] ReadMemory at 0x7ffc0aca0000 of 64 bytes failed: Somente uma parte de um pedido ReadProcessMemory ou WriteProcessMemory foi concluída. (0x12B)
[0117/225410.180:WARNING:pe_image_reader.cc(340)] could not read dos header from C:\WINDOWS\SYSTEM32\USERENV.dll
[0117/225410.180:ERROR:process_memory_win.cc(73)] ReadMemory at 0x7ffc0ae50000 of 64 bytes failed: Somente uma parte de um pedido ReadProcessMemory ou WriteProcessMemory foi concluída. (0x12B)
[0117/225410.180:WARNING:pe_image_reader.cc(340)] could not read dos header from C:\WINDOWS\System32\profapi.dll
[0117/225410.180:ERROR:process_memory_win.cc(73)] ReadMemory at 0x7ffbebf70000 of 64 bytes failed: Somente uma parte de um pedido ReadProcessMemory ou WriteProcessMemory foi concluída. (0x12B)
[0117/225410.180:WARNING:pe_image_reader.cc(340)] could not read dos header from C:\WINDOWS\SYSTEM32\DWrite.dll
[0117/225410.180:ERROR:process_memory_win.cc(73)] ReadMemory at 0x7ffc02aa0000 of 64 bytes failed: Somente uma parte de um pedido ReadProcessMemory ou WriteProcessMemory foi concluída. (0x12B)
[0117/225410.180:WARNING:pe_image_reader.cc(340)] could not read dos header from C:\WINDOWS\SYSTEM32\WINSPOOL.DRV
[0117/225410.180:ERROR:process_memory_win.cc(73)] ReadMemory at 0x7ffc0ae30000 of 64 bytes failed: Somente uma parte de um pedido ReadProcessMemory ou WriteProcessMemory foi concluída. (0x12B)
[0117/225410.180:WARNING:pe_image_reader.cc(340)] could not read dos header from C:\WINDOWS\System32\kernel.appcore.dll
[0117/225410.180:ERROR:process_memory_win.cc(73)] ReadMemory at 0x7ffc0bf60000 of 64 bytes failed: Somente uma parte de um pedido ReadProcessMemory ou WriteProcessMemory foi concluída. (0x12B)
[0117/225410.180:WARNING:pe_image_reader.cc(340)] could not read dos header from C:\WINDOWS\System32\bcrypt.dll
[0117/225410.180:ERROR:process_memory_win.cc(73)] ReadMemory at 0x7ffc09ad0000 of 64 bytes failed: Somente uma parte de um pedido ReadProcessMemory ou WriteProcessMemory foi concluída. (0x12B)
[0117/225410.180:WARNING:pe_image_reader.cc(340)] could not read dos header from C:\WINDOWS\SYSTEM32\dbghelp.dll
[0117/225410.180:ERROR:process_memory_win.cc(73)] ReadMemory at 0x7ffbfd8a0000 of 64 bytes failed: Somente uma parte de um pedido ReadProcessMemory ou WriteProcessMemory foi concluída. (0x12B)
[0117/225410.180:WARNING:pe_image_reader.cc(340)] could not read dos header from C:\WINDOWS\SYSTEM32\Secur32.dll
[0117/225410.180:ERROR:process_memory_win.cc(73)] ReadMemory at 0x7ffc023f0000 of 64 bytes failed: Somente uma parte de um pedido ReadProcessMemory ou WriteProcessMemory foi concluída. (0x12B)
[0117/225410.180:WARNING:pe_image_reader.cc(340)] could not read dos header from C:\WINDOWS\SYSTEM32\WINHTTP.dll
[0117/225410.180:ERROR:process_memory_win.cc(73)] ReadMemory at 0x7ffc05630000 of 64 bytes failed: Somente uma parte de um pedido ReadProcessMemory ou WriteProcessMemory foi concluída. (0x12B)
[0117/225410.180:WARNING:pe_image_reader.cc(340)] could not read dos header from C:\WINDOWS\SYSTEM32\dhcpcsvc.DLL
[0117/225410.180:ERROR:process_memory_win.cc(73)] ReadMemory at 0x7ffc0c010000 of 64 bytes failed: Somente uma parte de um pedido ReadProcessMemory ou WriteProcessMemory foi concluída. (0x12B)
[0117/225410.180:WARNING:pe_image_reader.cc(340)] could not read dos header from C:\WINDOWS\System32\NSI.dll
[0117/225410.180:ERROR:process_memory_win.cc(73)] ReadMemory at 0x7ffc024e0000 of 64 bytes failed: Somente uma parte de um pedido ReadProcessMemory ou WriteProcessMemory foi concluída. (0x12B)
[0117/225410.180:WARNING:pe_image_reader.cc(340)] could not read dos header from C:\WINDOWS\SYSTEM32\WINMMBASE.dll
[0117/225410.180:ERROR:process_memory_win.cc(73)] ReadMemory at 0x7ffc0bf10000 of 64 bytes failed: Somente uma parte de um pedido ReadProcessMemory ou WriteProcessMemory foi concluída. (0x12B)
[0117/225410.180:WARNING:pe_image_reader.cc(340)] could not read dos header from C:\WINDOWS\System32\cfgmgr32.dll
[0117/225410.180:ERROR:process_memory_win.cc(73)] ReadMemory at 0x7ffc07020000 of 64 bytes failed: Somente uma parte de um pedido ReadProcessMemory ou WriteProcessMemory foi concluída. (0x12B)
[0117/225410.180:WARNING:pe_image_reader.cc(340)] could not read dos header from C:\WINDOWS\SYSTEM32\PROPSYS.dll
[0117/225410.180:ERROR:process_memory_win.cc(73)] ReadMemory at 0x7ffc0c020000 of 64 bytes failed: Somente uma parte de um pedido ReadProcessMemory ou WriteProcessMemory foi concluída. (0x12B)
[0117/225410.180:WARNING:pe_image_reader.cc(340)] could not read dos header from C:\WINDOWS\System32\shcore.dll
[0117/225410.180:ERROR:process_memory_win.cc(73)] ReadMemory at 0x7ffc0acd0000 of 64 bytes failed: Somente uma parte de um pedido ReadProcessMemory ou WriteProcessMemory foi concluída. (0x12B)
[0117/225410.180:WARNING:pe_image_reader.cc(340)] could not read dos header from C:\WINDOWS\SYSTEM32\SSPICLI.DLL
[0117/225410.180:ERROR:process_memory_win.cc(73)] ReadMemory at 0x7ffc0a790000 of 64 bytes failed: Somente uma parte de um pedido ReadProcessMemory ou WriteProcessMemory foi concluída. (0x12B)
[0117/225410.180:WARNING:pe_image_reader.cc(340)] could not read dos header from C:\WINDOWS\SYSTEM32\CRYPTBASE.DLL
[0117/225410.185:ERROR:process_memory_win.cc(73)] ReadMemory at 0x7b101f9000 of 28672 bytes failed: Somente uma parte de um pedido ReadProcessMemory ou WriteProcessMemory foi concluída. (0x12B)
[0117/225410.185:ERROR:process_memory_win.cc(73)] ReadMemory at 0x7b109fd000 of 12288 bytes failed: Somente uma parte de um pedido ReadProcessMemory ou WriteProcessMemory foi concluída. (0x12B)
[0117/225410.185:ERROR:process_memory_win.cc(73)] ReadMemory at 0x7b111fd000 of 12288 bytes failed: Somente uma parte de um pedido ReadProcessMemory ou WriteProcessMemory foi concluída. (0x12B)
[0117/225410.185:ERROR:process_memory_win.cc(73)] ReadMemory at 0x7b119fc000 of 16384 bytes failed: Somente uma parte de um pedido ReadProcessMemory ou WriteProcessMemory foi concluída. (0x12B)
[0117/225410.185:ERROR:process_memory_win.cc(73)] ReadMemory at 0x7b121fc000 of 16384 bytes failed: Somente uma parte de um pedido ReadProcessMemory ou WriteProcessMemory foi concluída. (0x12B)
[0117/225410.186:ERROR:process_memory_win.cc(73)] ReadMemory at 0x7b129ff000 of 4096 bytes failed: Somente uma parte de um pedido ReadProcessMemory ou WriteProcessMemory foi concluída. (0x12B)
[0117/225410.186:ERROR:process_memory_win.cc(73)] ReadMemory at 0x7b131fd000 of 12288 bytes failed: Somente uma parte de um pedido ReadProcessMemory ou WriteProcessMemory foi concluída. (0x12B)
[0117/225410.186:ERROR:process_memory_win.cc(73)] ReadMemory at 0x7b139fc000 of 16384 bytes failed: Somente uma parte de um pedido ReadProcessMemory ou WriteProcessMemory foi concluída. (0x12B)
[0117/225410.186:ERROR:process_memory_win.cc(73)] ReadMemory at 0x7b141fd000 of 12288 bytes failed: Somente uma parte de um pedido ReadProcessMemory ou WriteProcessMemory foi concluída. (0x12B)
[0117/225410.186:ERROR:process_memory_win.cc(73)] ReadMemory at 0x7b149fd000 of 12288 bytes failed: Somente uma parte de um pedido ReadProcessMemory ou WriteProcessMemory foi concluída. (0x12B)
[0117/225410.186:ERROR:process_memory_win.cc(73)] ReadMemory at 0x7b151fd000 of 12288 bytes failed: Somente uma parte de um pedido ReadProcessMemory ou WriteProcessMemory foi concluída. (0x12B)
[0117/225410.186:ERROR:process_memory_win.cc(73)] ReadMemory at 0x7b159fd000 of 12288 bytes failed: Somente uma parte de um pedido ReadProcessMemory ou WriteProcessMemory foi concluída. (0x12B)
[0117/225410.186:ERROR:process_memory_win.cc(73)] ReadMemory at 0x7b161fd000 of 12288 bytes failed: Somente uma parte de um pedido ReadProcessMemory ou WriteProcessMemory foi concluída. (0x12B)
[0117/225410.186:ERROR:process_memory_win.cc(73)] ReadMemory at 0x7b169fd000 of 12288 bytes failed: Somente uma parte de um pedido ReadProcessMemory ou WriteProcessMemory foi concluída. (0x12B)
[0117/225410.186:ERROR:process_memory_win.cc(73)] ReadMemory at 0x7b171fd000 of 12288 bytes failed: Somente uma parte de um pedido ReadProcessMemory ou WriteProcessMemory foi concluída. (0x12B)
[0117/225410.186:ERROR:process_memory_win.cc(73)] ReadMemory at 0x7b179fd000 of 12288 bytes failed: Somente uma parte de um pedido ReadProcessMemory ou WriteProcessMemory foi concluída. (0x12B)
[0117/225410.186:ERROR:process_memory_win.cc(73)] ReadMemory at 0x7b0f8d9000 of 852 bytes failed: Somente uma parte de um pedido ReadProcessMemory ou WriteProcessMemory foi concluída. (0x12B)
[0117/225410.187:ERROR:process_memory_win.cc(73)] ReadMemory at 0x7b0f8da000 of 6024 bytes failed: Somente uma parte de um pedido ReadProcessMemory ou WriteProcessMemory foi concluída. (0x12B)
[0117/225410.187:ERROR:process_memory_win.cc(73)] ReadMemory at 0x7b0f8dc000 of 6024 bytes failed: Somente uma parte de um pedido ReadProcessMemory ou WriteProcessMemory foi concluída. (0x12B)
[0117/225410.187:ERROR:process_memory_win.cc(73)] ReadMemory at 0x7b0f8de000 of 6024 bytes failed: Somente uma parte de um pedido ReadProcessMemory ou WriteProcessMemory foi concluída. (0x12B)
[0117/225410.187:ERROR:process_memory_win.cc(73)] ReadMemory at 0x7b0f8e0000 of 6024 bytes failed: Somente uma parte de um pedido ReadProcessMemory ou WriteProcessMemory foi concluída. (0x12B)
[0117/225410.187:ERROR:process_memory_win.cc(73)] ReadMemory at 0x7b0f8e2000 of 6024 bytes failed: Somente uma parte de um pedido ReadProcessMemory ou WriteProcessMemory foi concluída. (0x12B)
[0117/225410.187:ERROR:process_memory_win.cc(73)] ReadMemory at 0x7b0f8e4000 of 6024 bytes failed: Somente uma parte de um pedido ReadProcessMemory ou WriteProcessMemory foi concluída. (0x12B)
[0117/225410.187:ERROR:process_memory_win.cc(73)] ReadMemory at 0x7b0f8e6000 of 6024 bytes failed: Somente uma parte de um pedido ReadProcessMemory ou WriteProcessMemory foi concluída. (0x12B)
[0117/225410.187:ERROR:process_memory_win.cc(73)] ReadMemory at 0x7b0f8e8000 of 6024 bytes failed: Somente uma parte de um pedido ReadProcessMemory ou WriteProcessMemory foi concluída. (0x12B)
[0117/225410.187:ERROR:process_memory_win.cc(73)] ReadMemory at 0x7b0f8ea000 of 6024 bytes failed: Somente uma parte de um pedido ReadProcessMemory ou WriteProcessMemory foi concluída. (0x12B)
[0117/225410.187:ERROR:process_memory_win.cc(73)] ReadMemory at 0x7b0f8ec000 of 6024 bytes failed: Somente uma parte de um pedido ReadProcessMemory ou WriteProcessMemory foi concluída. (0x12B)
[0117/225410.187:ERROR:process_memory_win.cc(73)] ReadMemory at 0x7b0f8ee000 of 6024 bytes failed: Somente uma parte de um pedido ReadProcessMemory ou WriteProcessMemory foi concluída. (0x12B)
[0117/225410.187:ERROR:process_memory_win.cc(73)] ReadMemory at 0x7b0f8f0000 of 6024 bytes failed: Somente uma parte de um pedido ReadProcessMemory ou WriteProcessMemory foi concluída. (0x12B)
[0117/225410.187:ERROR:process_memory_win.cc(73)] ReadMemory at 0x7b0f8f2000 of 6024 bytes failed: Somente uma parte de um pedido ReadProcessMemory ou WriteProcessMemory foi concluída. (0x12B)
[0117/225410.187:ERROR:process_memory_win.cc(73)] ReadMemory at 0x7b0f8f4000 of 6024 bytes failed: Somente uma parte de um pedido ReadProcessMemory ou WriteProcessMemory foi concluída. (0x12B)
[0117/225410.188:ERROR:process_memory_win.cc(73)] ReadMemory at 0x7b0f8f6000 of 6024 bytes failed: Somente uma parte de um pedido ReadProcessMemory ou WriteProcessMemory foi concluída. (0x12B)
[0117/225410.188:ERROR:process_memory_win.cc(73)] ReadMemory at 0x7b0f8f8000 of 6024 bytes failed: Somente uma parte de um pedido ReadProcessMemory ou WriteProcessMemory foi concluída. (0x12B)
[0117/225410.188:ERROR:process_memory_win.cc(73)] ReadMemory at 0x26510c20fe0 of 4242 bytes failed: Somente uma parte de um pedido ReadProcessMemory ou WriteProcessMemory foi concluída. (0x12B)
[0117/225410.188:ERROR:process_memory_win.cc(73)] ReadMemory at 0x26510c22080 of 1012 bytes failed: Somente uma parte de um pedido ReadProcessMemory ou WriteProcessMemory foi concluída. (0x12B)
[0117/225410.188:ERROR:process_memory_win.cc(73)] ReadMemory at 0x26510c226c8 of 118 bytes failed: Somente uma parte de um pedido ReadProcessMemory ou WriteProcessMemory foi concluída. (0x12B)
[0117/225410.188:ERROR:process_memory_win.cc(73)] ReadMemory at 0x26510c22740 of 902 bytes failed: Somente uma parte de um pedido ReadProcessMemory ou WriteProcessMemory foi concluída. (0x12B)
[0117/225410.188:ERROR:process_memory_win.cc(73)] ReadMemory at 0x26510c22ac8 of 118 bytes failed: Somente uma parte de um pedido ReadProcessMemory ou WriteProcessMemory foi concluída. (0x12B)
[0117/225410.188:ERROR:process_memory_win.cc(73)] ReadMemory at 0x26510c22b40 of 100 bytes failed: Somente uma parte de um pedido ReadProcessMemory ou WriteProcessMemory foi concluída. (0x12B)
[0117/225410.188:ERROR:process_memory_win.cc(73)] ReadMemory at 0x26510c22bb0 of 58 bytes failed: Somente uma parte de um pedido ReadProcessMemory ou WriteProcessMemory foi concluída. (0x12B)
[0117/225410.188:ERROR:process_memory_win.cc(73)] ReadMemory at 0x26510c22cb0 of 132 bytes failed: Somente uma parte de um pedido ReadProcessMemory ou WriteProcessMemory foi concluída. (0x12B)
[0117/225410.188:ERROR:process_memory_win.cc(73)] ReadMemory at 0x26510c22e40 of 132 bytes failed: Somente uma parte de um pedido ReadProcessMemory ou WriteProcessMemory foi concluída. (0x12B)
[0117/225410.188:ERROR:process_memory_win.cc(73)] ReadMemory at 0x26510c23000 of 126 bytes failed: Somente uma parte de um pedido ReadProcessMemory ou WriteProcessMemory foi concluída. (0x12B)
[0117/225410.188:ERROR:process_memory_win.cc(73)] ReadMemory at 0x26510c233e0 of 132 bytes failed: Somente uma parte de um pedido ReadProcessMemory ou WriteProcessMemory foi concluída. (0x12B)
[0117/225410.188:ERROR:process_memory_win.cc(73)] ReadMemory at 0x26510c23570 of 64 bytes failed: Somente uma parte de um pedido ReadProcessMemory ou WriteProcessMemory foi concluída. (0x12B)
[0117/225410.188:ERROR:process_memory_win.cc(73)] ReadMemory at 0x26510c235c0 of 132 bytes failed: Somente uma parte de um pedido ReadProcessMemory ou WriteProcessMemory foi concluída. (0x12B)
[0117/225410.188:ERROR:process_memory_win.cc(73)] ReadMemory at 0x26510c23730 of 132 bytes failed: Somente uma parte de um pedido ReadProcessMemory ou WriteProcessMemory foi concluída. (0x12B)
[0117/225410.188:ERROR:process_memory_win.cc(73)] ReadMemory at 0x26510c239d0 of 132 bytes failed: Somente uma parte de um pedido ReadProcessMemory ou WriteProcessMemory foi concluída. (0x12B)
[0117/225410.188:ERROR:process_memory_win.cc(73)] ReadMemory at 0x26510c23b60 of 68 bytes failed: Somente uma parte de um pedido ReadProcessMemory ou WriteProcessMemory foi concluída. (0x12B)
[0117/225410.188:ERROR:process_memory_win.cc(73)] ReadMemory at 0x26510c24b90 of 158 bytes failed: Somente uma parte de um pedido ReadProcessMemory ou WriteProcessMemory foi concluída. (0x12B)
[0117/225410.189:ERROR:process_memory_win.cc(73)] ReadMemory at 0x26510c24c70 of 132 bytes failed: Somente uma parte de um pedido ReadProcessMemory ou WriteProcessMemory foi concluída. (0x12B)
[0117/225410.189:ERROR:process_memory_win.cc(73)] ReadMemory at 0x26510c24e00 of 154 bytes failed: Somente uma parte de um pedido ReadProcessMemory ou WriteProcessMemory foi concluída. (0x12B)
[0117/225410.189:ERROR:process_memory_win.cc(73)] ReadMemory at 0x26510c25c00 of 60 bytes failed: Somente uma parte de um pedido ReadProcessMemory ou WriteProcessMemory foi concluída. (0x12B)
[0117/225410.189:ERROR:process_memory_win.cc(73)] ReadMemory at 0x26510c25ca0 of 62 bytes failed: Somente uma parte de um pedido ReadProcessMemory ou WriteProcessMemory foi concluída. (0x12B)
[0117/225410.189:ERROR:process_memory_win.cc(73)] ReadMemory at 0x26510c25e90 of 132 bytes failed: Somente uma parte de um pedido ReadProcessMemory ou WriteProcessMemory foi concluída. (0x12B)
[0117/225410.189:ERROR:process_memory_win.cc(73)] ReadMemory at 0x26510c266cc of 512 bytes failed: Somente uma parte de um pedido ReadProcessMemory ou WriteProcessMemory foi concluída. (0x12B)
[0117/225410.189:ERROR:process_memory_win.cc(73)] ReadMemory at 0x26510c272f0 of 132 bytes failed: Somente uma parte de um pedido ReadProcessMemory ou WriteProcessMemory foi concluída. (0x12B)
[0117/225410.189:ERROR:process_memory_win.cc(73)] ReadMemory at 0x26510c29b30 of 132 bytes failed: Somente uma parte de um pedido ReadProcessMemory ou WriteProcessMemory foi concluída. (0x12B)
[0117/225410.189:ERROR:process_memory_win.cc(73)] ReadMemory at 0x26510c29c60 of 132 bytes failed: Somente uma parte de um pedido ReadProcessMemory ou WriteProcessMemory foi concluída. (0x12B)
[0117/225410.189:ERROR:process_memory_win.cc(73)] ReadMemory at 0x26510c29df0 of 80 bytes failed: Somente uma parte de um pedido ReadProcessMemory ou WriteProcessMemory foi concluída. (0x12B)
[0117/225410.189:ERROR:process_memory_win.cc(73)] ReadMemory at 0x26510c29f90 of 64 bytes failed: Somente uma parte de um pedido ReadProcessMemory ou WriteProcessMemory foi concluída. (0x12B)
[0117/225410.189:ERROR:process_memory_win.cc(73)] ReadMemory at 0x26510c29fe0 of 66 bytes failed: Somente uma parte de um pedido ReadProcessMemory ou WriteProcessMemory foi concluída. (0x12B)
[0117/225410.189:ERROR:process_memory_win.cc(73)] ReadMemory at 0x26510c2a030 of 64 bytes failed: Somente uma parte de um pedido ReadProcessMemory ou WriteProcessMemory foi concluída. (0x12B)
[0117/225410.189:ERROR:process_memory_win.cc(73)] ReadMemory at 0x26510c2a080 of 60 bytes failed: Somente uma parte de um pedido ReadProcessMemory ou WriteProcessMemory foi concluída. (0x12B)
[0117/225410.189:ERROR:process_memory_win.cc(73)] ReadMemory at 0x26510c2a120 of 62 bytes failed: Somente uma parte de um pedido ReadProcessMemory ou WriteProcessMemory foi concluída. (0x12B)
[0117/225410.189:ERROR:process_memory_win.cc(73)] ReadMemory at 0x26510c2a170 of 60 bytes failed: Somente uma parte de um pedido ReadProcessMemory ou WriteProcessMemory foi concluída. (0x12B)
[0117/225410.189:ERROR:process_memory_win.cc(73)] ReadMemory at 0x26510c2a1c0 of 64 bytes failed: Somente uma parte de um pedido ReadProcessMemory ou WriteProcessMemory foi concluída. (0x12B)
[0117/225410.189:ERROR:process_memory_win.cc(73)] ReadMemory at 0x26510c2a260 of 64 bytes failed: Somente uma parte de um pedido ReadProcessMemory ou WriteProcessMemory foi concluída. (0x12B)
[0117/225410.189:ERROR:process_memory_win.cc(73)] ReadMemory at 0x26510c2a440 of 62 bytes failed: Somente uma parte de um pedido ReadProcessMemory ou WriteProcessMemory foi concluída. (0x12B)
[0117/225410.189:ERROR:process_memory_win.cc(73)] ReadMemory at 0x26510c2b370 of 76 bytes failed: Somente uma parte de um pedido ReadProcessMemory ou WriteProcessMemory foi concluída. (0x12B)
[0117/225410.189:ERROR:process_memory_win.cc(73)] ReadMemory at 0x26510c2d690 of 132 bytes failed: Somente uma parte de um pedido ReadProcessMemory ou WriteProcessMemory foi concluída. (0x12B)
[0117/225410.189:ERROR:process_memory_win.cc(73)] ReadMemory at 0x26510c2ee70 of 54 bytes failed: Somente uma parte de um pedido ReadProcessMemory ou WriteProcessMemory foi concluída. (0x12B)
[0117/225410.189:ERROR:process_memory_win.cc(73)] ReadMemory at 0x26510c2f970 of 132 bytes failed: Somente uma parte de um pedido ReadProcessMemory ou WriteProcessMemory foi concluída. (0x12B)
[0117/225410.189:ERROR:process_memory_win.cc(73)] ReadMemory at 0x26510c2fbe0 of 132 bytes failed: Somente uma parte de um pedido ReadProcessMemory ou WriteProcessMemory foi concluída. (0x12B)
[0117/225410.190:ERROR:process_memory_win.cc(73)] ReadMemory at 0x26510c2fd10 of 132 bytes failed: Somente uma parte de um pedido ReadProcessMemory ou WriteProcessMemory foi concluída. (0x12B)
[0117/225410.190:ERROR:process_memory_win.cc(73)] ReadMemory at 0x26510c315c0 of 132 bytes failed: Somente uma parte de um pedido ReadProcessMemory ou WriteProcessMemory foi concluída. (0x12B)
[0117/225410.190:ERROR:process_memory_win.cc(73)] ReadMemory at 0x26510c31670 of 512 bytes failed: Somente uma parte de um pedido ReadProcessMemory ou WriteProcessMemory foi concluída. (0x12B)
[0117/225410.190:ERROR:process_memory_win.cc(73)] ReadMemory at 0x26510c31970 of 132 bytes failed: Somente uma parte de um pedido ReadProcessMemory ou WriteProcessMemory foi concluída. (0x12B)
[0117/225410.190:ERROR:process_memory_win.cc(73)] ReadMemory at 0x26510c33fe0 of 132 bytes failed: Somente uma parte de um pedido ReadProcessMemory ou WriteProcessMemory foi concluída. (0x12B)
[0117/225410.190:ERROR:process_memory_win.cc(73)] ReadMemory at 0x26510c34110 of 132 bytes failed: Somente uma parte de um pedido ReadProcessMemory ou WriteProcessMemory foi concluída. (0x12B)
[0117/225410.190:ERROR:process_memory_win.cc(73)] ReadMemory at 0x26510c34240 of 132 bytes failed: Somente uma parte de um pedido ReadProcessMemory ou WriteProcessMemory foi concluída. (0x12B)
[0117/225410.190:ERROR:process_memory_win.cc(73)] ReadMemory at 0x26510c34370 of 132 bytes failed: Somente uma parte de um pedido ReadProcessMemory ou WriteProcessMemory foi concluída. (0x12B)
[0117/225410.190:ERROR:process_memory_win.cc(73)] ReadMemory at 0x26510c344a0 of 132 bytes failed: Somente uma parte de um pedido ReadProcessMemory ou WriteProcessMemory foi concluída. (0x12B)
[0117/225410.190:ERROR:process_memory_win.cc(73)] ReadMemory at 0x26510c345d0 of 132 bytes failed: Somente uma parte de um pedido ReadProcessMemory ou WriteProcessMemory foi concluída. (0x12B)
[0117/225410.190:ERROR:process_memory_win.cc(73)] ReadMemory at 0x26510c34700 of 132 bytes failed: Somente uma parte de um pedido ReadProcessMemory ou WriteProcessMemory foi concluída. (0x12B)
[0117/225410.190:ERROR:process_memory_win.cc(73)] ReadMemory at 0x26510c34960 of 132 bytes failed: Somente uma parte de um pedido ReadProcessMemory ou WriteProcessMemory foi concluída. (0x12B)
[0117/225410.190:ERROR:process_memory_win.cc(73)] ReadMemory at 0x26510c34a90 of 132 bytes failed: Somente uma parte de um pedido ReadProcessMemory ou WriteProcessMemory foi concluída. (0x12B)
[0117/225410.190:ERROR:process_memory_win.cc(73)] ReadMemory at 0x26510c34bc0 of 132 bytes failed: Somente uma parte de um pedido ReadProcessMemory ou WriteProcessMemory foi concluída. (0x12B)
[0117/225410.190:ERROR:process_memory_win.cc(73)] ReadMemory at 0x26510c34cf0 of 132 bytes failed: Somente uma parte de um pedido ReadProcessMemory ou WriteProcessMemory foi concluída. (0x12B)
[0117/225410.190:ERROR:process_memory_win.cc(73)] ReadMemory at 0x26510c34e20 of 132 bytes failed: Somente uma parte de um pedido ReadProcessMemory ou WriteProcessMemory foi concluída. (0x12B)
[0117/225410.190:ERROR:process_memory_win.cc(73)] ReadMemory at 0x26510c35130 of 64 bytes failed: Somente uma parte de um pedido ReadProcessMemory ou WriteProcessMemory foi concluída. (0x12B)
[0117/225410.190:ERROR:process_memory_win.cc(73)] ReadMemory at 0x26510c35220 of 62 bytes failed: Somente uma parte de um pedido ReadProcessMemory ou WriteProcessMemory foi concluída. (0x12B)
[0117/225410.190:ERROR:process_memory_win.cc(73)] ReadMemory at 0x26510c35400 of 62 bytes failed: Somente uma parte de um pedido ReadProcessMemory ou WriteProcessMemory foi concluída. (0x12B)
[0117/225410.190:ERROR:process_memory_win.cc(73)] ReadMemory at 0x26510c35450 of 64 bytes failed: Somente uma parte de um pedido ReadProcessMemory ou WriteProcessMemory foi concluída. (0x12B)
[0117/225410.190:ERROR:process_memory_win.cc(73)] ReadMemory at 0x26510c35590 of 60 bytes failed: Somente uma parte de um pedido ReadProcessMemory ou WriteProcessMemory foi concluída. (0x12B)
[0117/225410.190:ERROR:process_memory_win.cc(73)] ReadMemory at 0x26510c356d0 of 62 bytes failed: Somente uma parte de um pedido ReadProcessMemory ou WriteProcessMemory foi concluída. (0x12B)
[0117/225410.190:ERROR:process_memory_win.cc(73)] ReadMemory at 0x26510c358b0 of 62 bytes failed: Somente uma parte de um pedido ReadProcessMemory ou WriteProcessMemory foi concluída. (0x12B)
[0117/225410.191:ERROR:process_memory_win.cc(73)] ReadMemory at 0x26510c35900 of 60 bytes failed: Somente uma parte de um pedido ReadProcessMemory ou WriteProcessMemory foi concluída. (0x12B)
[0117/225410.191:ERROR:process_memory_win.cc(73)] ReadMemory at 0x26510c35950 of 62 bytes failed: Somente uma parte de um pedido ReadProcessMemory ou WriteProcessMemory foi concluída. (0x12B)
[0117/225410.191:ERROR:process_memory_win.cc(73)] ReadMemory at 0x26510c359f0 of 62 bytes failed: Somente uma parte de um pedido ReadProcessMemory ou WriteProcessMemory foi concluída. (0x12B)
[0117/225410.191:ERROR:process_memory_win.cc(73)] ReadMemory at 0x26510c35a90 of 64 bytes failed: Somente uma parte de um pedido ReadProcessMemory ou WriteProcessMemory foi concluída. (0x12B)
[0117/225410.191:ERROR:process_memory_win.cc(73)] ReadMemory at 0x26510c35bd0 of 60 bytes failed: Somente uma parte de um pedido ReadProcessMemory ou WriteProcessMemory foi concluída. (0x12B)
[0117/225410.191:ERROR:process_memory_win.cc(73)] ReadMemory at 0x26510c35c70 of 60 bytes failed: Somente uma parte de um pedido ReadProcessMemory ou WriteProcessMemory foi concluída. (0x12B)
[0117/225410.191:ERROR:process_memory_win.cc(73)] ReadMemory at 0x26510c35cc0 of 62 bytes failed: Somente uma parte de um pedido ReadProcessMemory ou WriteProcessMemory foi concluída. (0x12B)
[0117/225410.191:ERROR:process_memory_win.cc(73)] ReadMemory at 0x26510c35d10 of 64 bytes failed: Somente uma parte de um pedido ReadProcessMemory ou WriteProcessMemory foi concluída. (0x12B)
[0117/225410.191:ERROR:process_memory_win.cc(73)] ReadMemory at 0x26510c35d60 of 62 bytes failed: Somente uma parte de um pedido ReadProcessMemory ou WriteProcessMemory foi concluída. (0x12B)
[0117/225410.191:ERROR:process_memory_win.cc(73)] ReadMemory at 0x26510c35ef0 of 58 bytes failed: Somente uma parte de um pedido ReadProcessMemory ou WriteProcessMemory foi concluída. (0x12B)
[0117/225410.191:ERROR:process_memory_win.cc(73)] ReadMemory at 0x26510c35f40 of 66 bytes failed: Somente uma parte de um pedido ReadProcessMemory ou WriteProcessMemory foi concluída. (0x12B)
[0117/225410.191:ERROR:process_memory_win.cc(73)] ReadMemory at 0x26510c36ac0 of 132 bytes failed: Somente uma parte de um pedido ReadProcessMemory ou WriteProcessMemory foi concluída. (0x12B)
[0117/225410.191:ERROR:process_memory_win.cc(73)] ReadMemory at 0x26510c36e50 of 132 bytes failed: Somente uma parte de um pedido ReadProcessMemory ou WriteProcessMemory foi concluída. (0x12B)
[0117/225410.191:ERROR:process_memory_win.cc(73)] ReadMemory at 0x26510c37310 of 132 bytes failed: Somente uma parte de um pedido ReadProcessMemory ou WriteProcessMemory foi concluída. (0x12B)
[0117/225410.191:ERROR:process_memory_win.cc(73)] ReadMemory at 0x26510c37570 of 132 bytes failed: Somente uma parte de um pedido ReadProcessMemory ou WriteProcessMemory foi concluída. (0x12B)
[0117/225410.191:ERROR:process_memory_win.cc(73)] ReadMemory at 0x26510c37a30 of 132 bytes failed: Somente uma parte de um pedido ReadProcessMemory ou WriteProcessMemory foi concluída. (0x12B)
[0117/225410.191:ERROR:process_memory_win.cc(73)] ReadMemory at 0x26510c37dc0 of 132 bytes failed: Somente uma parte de um pedido ReadProcessMemory ou WriteProcessMemory foi concluída. (0x12B)
[0117/225410.191:ERROR:process_memory_win.cc(73)] ReadMemory at 0x26510c37ef0 of 132 bytes failed: Somente uma parte de um pedido ReadProcessMemory ou WriteProcessMemory foi concluída. (0x12B)
[0117/225410.191:ERROR:process_memory_win.cc(73)] ReadMemory at 0x26510c38020 of 132 bytes failed: Somente uma parte de um pedido ReadProcessMemory ou WriteProcessMemory foi concluída. (0x12B)
[0117/225410.191:ERROR:process_memory_win.cc(73)] ReadMemory at 0x26510c38280 of 132 bytes failed: Somente uma parte de um pedido ReadProcessMemory ou WriteProcessMemory foi concluída. (0x12B)
[0117/225410.191:ERROR:process_memory_win.cc(73)] ReadMemory at 0x26510c4a860 of 512 bytes failed: Somente uma parte de um pedido ReadProcessMemory ou WriteProcessMemory foi concluída. (0x12B)
[0117/225410.191:ERROR:process_memory_win.cc(73)] ReadMemory at 0x26510ef0c40 of 512 bytes failed: Somente uma parte de um pedido ReadProcessMemory ou WriteProcessMemory foi concluída. (0x12B)
[0117/225410.191:ERROR:process_memory_win.cc(73)] ReadMemory at 0x26510ef3c40 of 512 bytes failed: Somente uma parte de um pedido ReadProcessMemory ou WriteProcessMemory foi concluída. (0x12B)
[0117/225410.192:ERROR:process_memory_win.cc(73)] ReadMemory at 0x26510f64f90 of 512 bytes failed: Somente uma parte de um pedido ReadProcessMemory ou WriteProcessMemory foi concluída. (0x12B)
[0117/225410.192:ERROR:process_memory_win.cc(73)] ReadMemory at 0x26510f65290 of 512 bytes failed: Somente uma parte de um pedido ReadProcessMemory ou WriteProcessMemory foi concluída. (0x12B)
[0117/225410.192:ERROR:process_memory_win.cc(73)] ReadMemory at 0x26510f6d820 of 512 bytes failed: Somente uma parte de um pedido ReadProcessMemory ou WriteProcessMemory foi concluída. (0x12B)
[0117/225410.192:ERROR:process_memory_win.cc(73)] ReadMemory at 0x26510f6f2f0 of 512 bytes failed: Somente uma parte de um pedido ReadProcessMemory ou WriteProcessMemory foi concluída. (0x12B)
[0117/225410.192:ERROR:process_memory_win.cc(73)] ReadMemory at 0x26510f72770 of 512 bytes failed: Somente uma parte de um pedido ReadProcessMemory ou WriteProcessMemory foi concluída. (0x12B)
[0117/225410.192:ERROR:process_memory_win.cc(73)] ReadMemory at 0x26510fa5be0 of 712 bytes failed: Somente uma parte de um pedido ReadProcessMemory ou WriteProcessMemory foi concluída. (0x12B)
[0117/225410.192:ERROR:process_memory_win.cc(73)] ReadMemory at 0x26510faff50 of 512 bytes failed: Somente uma parte de um pedido ReadProcessMemory ou WriteProcessMemory foi concluída. (0x12B)
[0117/225410.192:ERROR:process_memory_win.cc(73)] ReadMemory at 0x26510fbe9e0 of 512 bytes failed: Somente uma parte de um pedido ReadProcessMemory ou WriteProcessMemory foi concluída. (0x12B)
[0117/225410.192:ERROR:process_memory_win.cc(73)] ReadMemory at 0x26512e3da10 of 512 bytes failed: Somente uma parte de um pedido ReadProcessMemory ou WriteProcessMemory foi concluída. (0x12B)
[0117/225410.192:ERROR:process_memory_win.cc(73)] ReadMemory at 0x26512e79660 of 512 bytes failed: Somente uma parte de um pedido ReadProcessMemory ou WriteProcessMemory foi concluída. (0x12B)
[0117/225410.192:ERROR:process_memory_win.cc(73)] ReadMemory at 0x26512e80ac8 of 944 bytes failed: Somente uma parte de um pedido ReadProcessMemory ou WriteProcessMemory foi concluída. (0x12B)
[0117/225410.192:ERROR:process_memory_win.cc(73)] ReadMemory at 0x26512e80f48 of 512 bytes failed: Somente uma parte de um pedido ReadProcessMemory ou WriteProcessMemory foi concluída. (0x12B)
[0117/225410.192:ERROR:process_memory_win.cc(73)] ReadMemory at 0x26512e81458 of 512 bytes failed: Somente uma parte de um pedido ReadProcessMemory ou WriteProcessMemory foi concluída. (0x12B)
[0117/225410.192:ERROR:process_memory_win.cc(73)] ReadMemory at 0x26512e81ba8 of 512 bytes failed: Somente uma parte de um pedido ReadProcessMemory ou WriteProcessMemory foi concluída. (0x12B)
[0117/225410.192:ERROR:process_memory_win.cc(73)] ReadMemory at 0x26512e9bc60 of 512 bytes failed: Somente uma parte de um pedido ReadProcessMemory ou WriteProcessMemory foi concluída. (0x12B)
[0117/225410.192:ERROR:process_memory_win.cc(73)] ReadMemory at 0x265132a5628 of 512 bytes failed: Somente uma parte de um pedido ReadProcessMemory ou WriteProcessMemory foi concluída. (0x12B)
[0117/225410.192:ERROR:process_memory_win.cc(73)] ReadMemory at 0x7ffbaa114ad0 of 512 bytes failed: Somente uma parte de um pedido ReadProcessMemory ou WriteProcessMemory foi concluída. (0x12B)
[0117/225410.192:ERROR:process_memory_win.cc(73)] ReadMemory at 0x7ffbaafaf8a2 of 512 bytes failed: Somente uma parte de um pedido ReadProcessMemory ou WriteProcessMemory foi concluída. (0x12B)
[0117/225410.192:ERROR:process_memory_win.cc(73)] ReadMemory at 0x7ffbab44ef1c of 512 bytes failed: Somente uma parte de um pedido ReadProcessMemory ou WriteProcessMemory foi concluída. (0x12B)
[0117/225410.192:ERROR:process_memory_win.cc(73)] ReadMemory at 0x7ffbabbbe838 of 553 bytes failed: Somente uma parte de um pedido ReadProcessMemory ou WriteProcessMemory foi concluída. (0x12B)
[0117/225410.192:ERROR:process_memory_win.cc(73)] ReadMemory at 0x7ffc0b1bb6d0 of 512 bytes failed: Somente uma parte de um pedido ReadProcessMemory ou WriteProcessMemory foi concluída. (0x12B)
[0117/225410.193:ERROR:process_memory_win.cc(73)] ReadMemory at 0x7ffc0df7c0c4 of 672 bytes failed: Somente uma parte de um pedido ReadProcessMemory ou WriteProcessMemory foi concluída. (0x12B)
[0117/225410.193:ERROR:process_memory_win.cc(73)] ReadMemory at 0x7ffc0df7c6c4 of 512 bytes failed: Somente uma parte de um pedido ReadProcessMemory ou WriteProcessMemory foi concluída. (0x12B)
[0117/225410.193:ERROR:process_memory_win.cc(73)] ReadMemory at 0x7ffc0df7f974 of 608 bytes failed: Somente uma parte de um pedido ReadProcessMemory ou WriteProcessMemory foi concluída. (0x12B)
[0117/225410.193:ERROR:process_memory_win.cc(73)] ReadMemory at 0x7ffc0e00c428 of 18 bytes failed: Somente uma parte de um pedido ReadProcessMemory ou WriteProcessMemory foi concluída. (0x12B)
[0117/225410.193:ERROR:process_memory_win.cc(73)] ReadMemory at 0x7ffc0e03f4f8 of 40 bytes failed: Somente uma parte de um pedido ReadProcessMemory ou WriteProcessMemory foi concluída. (0x12B)
[0117/225410.193:ERROR:process_memory_win.cc(73)] ReadMemory at 0x7ffc0e03f978 of 48 bytes failed: Somente uma parte de um pedido ReadProcessMemory ou WriteProcessMemory foi concluída. (0x12B)
[0117/225410.193:ERROR:process_memory_win.cc(73)] ReadMemory at 0x7ffc0e0453c0 of 64 bytes failed: Somente uma parte de um pedido ReadProcessMemory ou WriteProcessMemory foi concluída. (0x12B)
[0117/225410.194:ERROR:scoped_process_suspend.cc(40)] NtResumeProcess: Tentou-se acessar um processo de saída. (0xc000010a)
